::1 - - [2020-2-20 18:05:47] "GET / HTTP/1.1" - 200 25 "-" "Mozilla/5.0 (Windows NT 10.0; Win64; x64) AppleWebKit/537.36 (KHTML, like Gecko) Chrome/80.0.3987.87 Safari/537.36"
::1 - - [2020-2-20 18:05:47] "GET /favicon.ico HTTP/1.1" - 200 36 "http://localhost:3000/" "Mozilla/5.0 (Windows NT 10.0; Win64; x64) AppleWebKit/537.36 (KHTML, like Gecko) Chrome/80.0.3987.87 Safari/537.36"
::1 - - [2020-2-21 9:48:53] "GET / HTTP/1.1" - 304 - "-" "Mozilla/5.0 (Windows NT 10.0; Win64; x64) AppleWebKit/537.36 (KHTML, like Gecko) Chrome/80.0.3987.87 Safari/537.36"
::1 - - [2020-2-21 9:48:54] "GET /favicon.ico HTTP/1.1" - 304 - "http://localhost:3000/" "Mozilla/5.0 (Windows NT 10.0; Win64; x64) AppleWebKit/537.36 (KHTML, like Gecko) Chrome/80.0.3987.87 Safari/537.36"
::1 - - [2020-2-21 9:49:01] "GET / HTTP/1.1" - 304 - "-" "Mozilla/5.0 (Windows NT 10.0; Win64; x64) AppleWebKit/537.36 (KHTML, like Gecko) Chrome/80.0.3987.87 Safari/537.36"
::1 - - [2020-2-21 9:49:01] "GET /favicon.ico HTTP/1.1" - 304 - "http://localhost:3000/" "Mozilla/5.0 (Windows NT 10.0; Win64; x64) AppleWebKit/537.36 (KHTML, like Gecko) Chrome/80.0.3987.87 Safari/537.36"
::1 - - [2020-2-21 9:49:04] "GET / HTTP/1.1" - 304 - "-" "Mozilla/5.0 (Windows NT 10.0; Win64; x64) AppleWebKit/537.36 (KHTML, like Gecko) Chrome/80.0.3987.87 Safari/537.36"
::1 - - [2020-2-21 9:49:04] "GET /favicon.ico HTTP/1.1" - 304 - "http://localhost:3000/" "Mozilla/5.0 (Windows NT 10.0; Win64; x64) AppleWebKit/537.36 (KHTML, like Gecko) Chrome/80.0.3987.87 Safari/537.36"
::1 - - [2020-2-21 9:51:30] "GET / HTTP/1.1" - 304 - "-" "Mozilla/5.0 (Windows NT 10.0; Win64; x64) AppleWebKit/537.36 (KHTML, like Gecko) Chrome/80.0.3987.87 Safari/537.36"
::1 - - [2020-2-21 9:51:30] "GET /favicon.ico HTTP/1.1" - 200 36 "http://localhost:3000/" "Mozilla/5.0 (Windows NT 10.0; Win64; x64) AppleWebKit/537.36 (KHTML, like Gecko) Chrome/80.0.3987.87 Safari/537.36"
::1 - - [2020-2-21 9:51:32] "GET / HTTP/1.1" - 304 - "-" "Mozilla/5.0 (Windows NT 10.0; Win64; x64) AppleWebKit/537.36 (KHTML, like Gecko) Chrome/80.0.3987.87 Safari/537.36"
::1 - - [2020-2-21 9:51:32] "GET /favicon.ico HTTP/1.1" - 200 36 "http://localhost:3000/" "Mozilla/5.0 (Windows NT 10.0; Win64; x64) AppleWebKit/537.36 (KHTML, like Gecko) Chrome/80.0.3987.87 Safari/537.36"
::1 - - [2020-2-21 9:51:34] "GET / HTTP/1.1" - 200 25 "-" "Mozilla/5.0 (Windows NT 10.0; Win64; x64) AppleWebKit/537.36 (KHTML, like Gecko) Chrome/80.0.3987.87 Safari/537.36"
::1 - - [2020-2-21 9:51:34] "GET /favicon.ico HTTP/1.1" - 200 36 "http://localhost:3000/" "Mozilla/5.0 (Windows NT 10.0; Win64; x64) AppleWebKit/537.36 (KHTML, like Gecko) Chrome/80.0.3987.87 Safari/537.36"
::1 - - [2020-2-21 9:52:06] "GET / HTTP/1.1" - 200 25 "-" "Mozilla/5.0 (Windows NT 10.0; Win64; x64) AppleWebKit/537.36 (KHTML, like Gecko) Chrome/80.0.3987.87 Safari/537.36"
::1 - - [2020-2-21 9:52:06] "GET /favicon.ico HTTP/1.1" - 200 36 "http://localhost:3000/" "Mozilla/5.0 (Windows NT 10.0; Win64; x64) AppleWebKit/537.36 (KHTML, like Gecko) Chrome/80.0.3987.87 Safari/537.36"
::1 - - [2020-2-21 9:52:08] "GET / HTTP/1.1" - 304 - "-" "Mozilla/5.0 (Windows NT 10.0; Win64; x64) AppleWebKit/537.36 (KHTML, like Gecko) Chrome/80.0.3987.87 Safari/537.36"
::1 - - [2020-2-21 9:52:08] "GET /favicon.ico HTTP/1.1" - 200 36 "http://localhost:3000/" "Mozilla/5.0 (Windows NT 10.0; Win64; x64) AppleWebKit/537.36 (KHTML, like Gecko) Chrome/80.0.3987.87 Safari/537.36"
::1 - - [2020-2-21 9:52:10] "GET / HTTP/1.1" - 304 - "-" "Mozilla/5.0 (Windows NT 10.0; Win64; x64) AppleWebKit/537.36 (KHTML, like Gecko) Chrome/80.0.3987.87 Safari/537.36"
::1 - - [2020-2-21 9:52:10] "GET /favicon.ico HTTP/1.1" - 200 36 "http://localhost:3000/" "Mozilla/5.0 (Windows NT 10.0; Win64; x64) AppleWebKit/537.36 (KHTML, like Gecko) Chrome/80.0.3987.87 Safari/537.36"
::1 - - [2020-2-21 16:18:59] "POST /jssdk/verifyparams HTTP/1.1" - 200 36 "http://localhost:8080/" "Mozilla/5.0 (Windows NT 10.0; Win64; x64) AppleWebKit/537.36 (KHTML, like Gecko) Chrome/80.0.3987.87 Safari/537.36"
::1 - - [2020-2-21 16:19:01] "POST /jssdk/verifyparams HTTP/1.1" - 200 36 "http://localhost:8080/" "Mozilla/5.0 (Windows NT 10.0; Win64; x64) AppleWebKit/537.36 (KHTML, like Gecko) Chrome/80.0.3987.87 Safari/537.36"
::1 - - [2020-2-21 16:19:01] "POST /jssdk/customersinfo HTTP/1.1" - 200 1274 "http://localhost:8080/" "Mozilla/5.0 (Windows NT 10.0; Win64; x64) AppleWebKit/537.36 (KHTML, like Gecko) Chrome/80.0.3987.87 Safari/537.36"
::1 - - [2020-2-21 16:19:31] "POST /jssdk/logs HTTP/1.1" - 200 1056 "http://localhost:8080/" "Mozilla/5.0 (Windows NT 10.0; Win64; x64) AppleWebKit/537.36 (KHTML, like Gecko) Chrome/80.0.3987.87 Safari/537.36"
::1 - - [2020-2-21 16:20:01] "POST /jssdk/logs HTTP/1.1" - 200 1077 "http://localhost:8080/" "Mozilla/5.0 (Windows NT 10.0; Win64; x64) AppleWebKit/537.36 (KHTML, like Gecko) Chrome/80.0.3987.87 Safari/537.36"
::1 - - [2020-2-21 16:20:31] "POST /jssdk/logs HTTP/1.1" - 200 1077 "http://localhost:8080/" "Mozilla/5.0 (Windows NT 10.0; Win64; x64) AppleWebKit/537.36 (KHTML, like Gecko) Chrome/80.0.3987.87 Safari/537.36"
::1 - - [2020-2-21 16:21:01] "POST /jssdk/logs HTTP/1.1" - 200 1077 "http://localhost:8080/" "Mozilla/5.0 (Windows NT 10.0; Win64; x64) AppleWebKit/537.36 (KHTML, like Gecko) Chrome/80.0.3987.87 Safari/537.36"
::1 - - [2020-2-21 16:21:31] "POST /jssdk/logs HTTP/1.1" - 200 1077 "http://localhost:8080/" "Mozilla/5.0 (Windows NT 10.0; Win64; x64) AppleWebKit/537.36 (KHTML, like Gecko) Chrome/80.0.3987.87 Safari/537.36"
::1 - - [2020-2-21 16:22:01] "POST /jssdk/logs HTTP/1.1" - 200 1077 "http://localhost:8080/" "Mozilla/5.0 (Windows NT 10.0; Win64; x64) AppleWebKit/537.36 (KHTML, like Gecko) Chrome/80.0.3987.87 Safari/537.36"
::1 - - [2020-2-21 16:22:31] "POST /jssdk/logs HTTP/1.1" - 200 1077 "http://localhost:8080/" "Mozilla/5.0 (Windows NT 10.0; Win64; x64) AppleWebKit/537.36 (KHTML, like Gecko) Chrome/80.0.3987.87 Safari/537.36"
::1 - - [2020-2-21 16:23:01] "POST /jssdk/logs HTTP/1.1" - 200 1077 "http://localhost:8080/" "Mozilla/5.0 (Windows NT 10.0; Win64; x64) AppleWebKit/537.36 (KHTML, like Gecko) Chrome/80.0.3987.87 Safari/537.36"
::1 - - [2020-2-21 16:23:14] "POST /jssdk/verifyparams HTTP/1.1" - 200 36 "http://localhost:8080/" "Mozilla/5.0 (Windows NT 10.0; Win64; x64) AppleWebKit/537.36 (KHTML, like Gecko) Chrome/80.0.3987.87 Safari/537.36"
::1 - - [2020-2-21 16:23:14] "POST /jssdk/customersinfo HTTP/1.1" - 200 1274 "http://localhost:8080/" "Mozilla/5.0 (Windows NT 10.0; Win64; x64) AppleWebKit/537.36 (KHTML, like Gecko) Chrome/80.0.3987.87 Safari/537.36"
::1 - - [2020-2-21 16:23:16] "POST /jssdk/verifyparams HTTP/1.1" - 200 36 "http://localhost:8080/" "Mozilla/5.0 (Windows NT 10.0; Win64; x64) AppleWebKit/537.36 (KHTML, like Gecko) Chrome/80.0.3987.87 Safari/537.36"
::1 - - [2020-2-21 16:23:16] "POST /jssdk/customersinfo HTTP/1.1" - 200 1274 "http://localhost:8080/" "Mozilla/5.0 (Windows NT 10.0; Win64; x64) AppleWebKit/537.36 (KHTML, like Gecko) Chrome/80.0.3987.87 Safari/537.36"
::1 - - [2020-2-21 16:23:47] "POST /jssdk/logs HTTP/1.1" - 200 1161 "http://localhost:8080/" "Mozilla/5.0 (Windows NT 10.0; Win64; x64) AppleWebKit/537.36 (KHTML, like Gecko) Chrome/80.0.3987.87 Safari/537.36"
::1 - - [2020-2-21 16:24:17] "POST /jssdk/logs HTTP/1.1" - 200 1161 "http://localhost:8080/" "Mozilla/5.0 (Windows NT 10.0; Win64; x64) AppleWebKit/537.36 (KHTML, like Gecko) Chrome/80.0.3987.87 Safari/537.36"
::1 - - [2020-2-21 16:24:47] "POST /jssdk/logs HTTP/1.1" - 200 1161 "http://localhost:8080/" "Mozilla/5.0 (Windows NT 10.0; Win64; x64) AppleWebKit/537.36 (KHTML, like Gecko) Chrome/80.0.3987.87 Safari/537.36"
::1 - - [2020-2-21 16:25:17] "POST /jssdk/logs HTTP/1.1" - 200 1161 "http://localhost:8080/" "Mozilla/5.0 (Windows NT 10.0; Win64; x64) AppleWebKit/537.36 (KHTML, like Gecko) Chrome/80.0.3987.87 Safari/537.36"
::1 - - [2020-2-21 16:25:47] "POST /jssdk/logs HTTP/1.1" - 200 1161 "http://localhost:8080/" "Mozilla/5.0 (Windows NT 10.0; Win64; x64) AppleWebKit/537.36 (KHTML, like Gecko) Chrome/80.0.3987.87 Safari/537.36"
::1 - - [2020-2-21 16:26:17] "POST /jssdk/logs HTTP/1.1" - 200 1161 "http://localhost:8080/" "Mozilla/5.0 (Windows NT 10.0; Win64; x64) AppleWebKit/537.36 (KHTML, like Gecko) Chrome/80.0.3987.87 Safari/537.36"
::1 - - [2020-2-21 16:26:47] "POST /jssdk/logs HTTP/1.1" - 200 1161 "http://localhost:8080/" "Mozilla/5.0 (Windows NT 10.0; Win64; x64) AppleWebKit/537.36 (KHTML, like Gecko) Chrome/80.0.3987.87 Safari/537.36"
::1 - - [2020-2-21 16:27:17] "POST /jssdk/logs HTTP/1.1" - 200 1161 "http://localhost:8080/" "Mozilla/5.0 (Windows NT 10.0; Win64; x64) AppleWebKit/537.36 (KHTML, like Gecko) Chrome/80.0.3987.87 Safari/537.36"
::1 - - [2020-2-21 16:27:47] "POST /jssdk/logs HTTP/1.1" - 200 1161 "http://localhost:8080/" "Mozilla/5.0 (Windows NT 10.0; Win64; x64) AppleWebKit/537.36 (KHTML, like Gecko) Chrome/80.0.3987.87 Safari/537.36"
::1 - - [2020-2-21 16:28:17] "POST /jssdk/logs HTTP/1.1" - 200 1161 "http://localhost:8080/" "Mozilla/5.0 (Windows NT 10.0; Win64; x64) AppleWebKit/537.36 (KHTML, like Gecko) Chrome/80.0.3987.87 Safari/537.36"
::1 - - [2020-2-21 16:28:47] "POST /jssdk/logs HTTP/1.1" - 200 1161 "http://localhost:8080/" "Mozilla/5.0 (Windows NT 10.0; Win64; x64) AppleWebKit/537.36 (KHTML, like Gecko) Chrome/80.0.3987.87 Safari/537.36"
::1 - - [2020-2-21 16:29:17] "POST /jssdk/logs HTTP/1.1" - 200 1161 "http://localhost:8080/" "Mozilla/5.0 (Windows NT 10.0; Win64; x64) AppleWebKit/537.36 (KHTML, like Gecko) Chrome/80.0.3987.87 Safari/537.36"
::1 - - [2020-2-21 16:29:47] "POST /jssdk/logs HTTP/1.1" - 200 1161 "http://localhost:8080/" "Mozilla/5.0 (Windows NT 10.0; Win64; x64) AppleWebKit/537.36 (KHTML, like Gecko) Chrome/80.0.3987.87 Safari/537.36"
::1 - - [2020-2-21 16:30:17] "POST /jssdk/logs HTTP/1.1" - 200 1161 "http://localhost:8080/" "Mozilla/5.0 (Windows NT 10.0; Win64; x64) AppleWebKit/537.36 (KHTML, like Gecko) Chrome/80.0.3987.87 Safari/537.36"
::1 - - [2020-2-21 16:30:47] "POST /jssdk/logs HTTP/1.1" - 200 1161 "http://localhost:8080/" "Mozilla/5.0 (Windows NT 10.0; Win64; x64) AppleWebKit/537.36 (KHTML, like Gecko) Chrome/80.0.3987.87 Safari/537.36"
::1 - - [2020-2-21 16:31:00] "POST /jssdk/verifyparams HTTP/1.1" - 200 36 "http://localhost:8080/" "Mozilla/5.0 (Windows NT 10.0; Win64; x64) AppleWebKit/537.36 (KHTML, like Gecko) Chrome/80.0.3987.87 Safari/537.36"
::1 - - [2020-2-21 16:31:00] "POST /jssdk/customersinfo HTTP/1.1" - 200 1274 "http://localhost:8080/" "Mozilla/5.0 (Windows NT 10.0; Win64; x64) AppleWebKit/537.36 (KHTML, like Gecko) Chrome/80.0.3987.87 Safari/537.36"
::1 - - [2020-2-21 16:31:04] "POST /jssdk/verifyparams HTTP/1.1" - 200 36 "http://localhost:8080/" "Mozilla/5.0 (Windows NT 10.0; Win64; x64) AppleWebKit/537.36 (KHTML, like Gecko) Chrome/80.0.3987.87 Safari/537.36"
::1 - - [2020-2-21 16:31:04] "POST /jssdk/customersinfo HTTP/1.1" - 200 1274 "http://localhost:8080/" "Mozilla/5.0 (Windows NT 10.0; Win64; x64) AppleWebKit/537.36 (KHTML, like Gecko) Chrome/80.0.3987.87 Safari/537.36"
::1 - - [2020-2-21 16:31:17] "POST /jssdk/verifyparams HTTP/1.1" - 200 36 "http://localhost:8080/" "Mozilla/5.0 (Windows NT 10.0; Win64; x64) AppleWebKit/537.36 (KHTML, like Gecko) Chrome/80.0.3987.87 Safari/537.36"
::1 - - [2020-2-21 16:31:17] "POST /jssdk/customersinfo HTTP/1.1" - 200 1274 "http://localhost:8080/" "Mozilla/5.0 (Windows NT 10.0; Win64; x64) AppleWebKit/537.36 (KHTML, like Gecko) Chrome/80.0.3987.87 Safari/537.36"
::1 - - [2020-2-21 16:31:21] "POST /jssdk/verifyparams HTTP/1.1" - 200 36 "http://localhost:8080/" "Mozilla/5.0 (Windows NT 10.0; Win64; x64) AppleWebKit/537.36 (KHTML, like Gecko) Chrome/80.0.3987.87 Safari/537.36"
::1 - - [2020-2-21 16:31:21] "POST /jssdk/customersinfo HTTP/1.1" - 200 1274 "http://localhost:8080/" "Mozilla/5.0 (Windows NT 10.0; Win64; x64) AppleWebKit/537.36 (KHTML, like Gecko) Chrome/80.0.3987.87 Safari/537.36"
::1 - - [2020-2-21 16:31:26] "POST /jssdk/verifyparams HTTP/1.1" - 200 36 "http://localhost:8080/" "Mozilla/5.0 (Windows NT 10.0; Win64; x64) AppleWebKit/537.36 (KHTML, like Gecko) Chrome/80.0.3987.87 Safari/537.36"
::1 - - [2020-2-21 16:31:26] "POST /jssdk/customersinfo HTTP/1.1" - 200 1274 "http://localhost:8080/" "Mozilla/5.0 (Windows NT 10.0; Win64; x64) AppleWebKit/537.36 (KHTML, like Gecko) Chrome/80.0.3987.87 Safari/537.36"
::1 - - [2020-2-21 16:31:35] "POST /jssdk/verifyparams HTTP/1.1" - 200 36 "http://localhost:8080/" "Mozilla/5.0 (Windows NT 10.0; Win64; x64) AppleWebKit/537.36 (KHTML, like Gecko) Chrome/80.0.3987.87 Safari/537.36"
::1 - - [2020-2-21 16:31:35] "POST /jssdk/customersinfo HTTP/1.1" - 200 1274 "http://localhost:8080/" "Mozilla/5.0 (Windows NT 10.0; Win64; x64) AppleWebKit/537.36 (KHTML, like Gecko) Chrome/80.0.3987.87 Safari/537.36"
::1 - - [2020-2-21 16:32:05] "POST /jssdk/logs HTTP/1.1" - 200 1413 "http://localhost:8080/" "Mozilla/5.0 (Windows NT 10.0; Win64; x64) AppleWebKit/537.36 (KHTML, like Gecko) Chrome/80.0.3987.87 Safari/537.36"
::1 - - [2020-2-21 16:32:35] "POST /jssdk/logs HTTP/1.1" - 200 1413 "http://localhost:8080/" "Mozilla/5.0 (Windows NT 10.0; Win64; x64) AppleWebKit/537.36 (KHTML, like Gecko) Chrome/80.0.3987.87 Safari/537.36"
::1 - - [2020-2-21 16:34:20] "POST /jssdk/verifyparams HTTP/1.1" - 200 36 "http://localhost:8080/" "Mozilla/5.0 (Windows NT 10.0; Win64; x64) AppleWebKit/537.36 (KHTML, like Gecko) Chrome/80.0.3987.87 Safari/537.36"
::1 - - [2020-2-21 16:34:20] "POST /jssdk/customersinfo HTTP/1.1" - 200 1274 "http://localhost:8080/" "Mozilla/5.0 (Windows NT 10.0; Win64; x64) AppleWebKit/537.36 (KHTML, like Gecko) Chrome/80.0.3987.87 Safari/537.36"
::1 - - [2020-2-21 16:34:30] "POST /jssdk/verifyparams HTTP/1.1" - 200 36 "http://localhost:8080/" "Mozilla/5.0 (Windows NT 10.0; Win64; x64) AppleWebKit/537.36 (KHTML, like Gecko) Chrome/80.0.3987.87 Safari/537.36"
::1 - - [2020-2-21 16:34:30] "POST /jssdk/customersinfo HTTP/1.1" - 200 1274 "http://localhost:8080/" "Mozilla/5.0 (Windows NT 10.0; Win64; x64) AppleWebKit/537.36 (KHTML, like Gecko) Chrome/80.0.3987.87 Safari/537.36"
::1 - - [2020-2-21 16:35:01] "POST /jssdk/logs HTTP/1.1" - 200 573 "http://localhost:8080/" "Mozilla/5.0 (Windows NT 10.0; Win64; x64) AppleWebKit/537.36 (KHTML, like Gecko) Chrome/80.0.3987.87 Safari/537.36"
::1 - - [2020-2-21 16:35:31] "POST /jssdk/logs HTTP/1.1" - 200 573 "http://localhost:8080/" "Mozilla/5.0 (Windows NT 10.0; Win64; x64) AppleWebKit/537.36 (KHTML, like Gecko) Chrome/80.0.3987.87 Safari/537.36"
::1 - - [2020-2-21 16:36:01] "POST /jssdk/logs HTTP/1.1" - 200 573 "http://localhost:8080/" "Mozilla/5.0 (Windows NT 10.0; Win64; x64) AppleWebKit/537.36 (KHTML, like Gecko) Chrome/80.0.3987.87 Safari/537.36"
::1 - - [2020-2-21 16:36:31] "POST /jssdk/logs HTTP/1.1" - 200 573 "http://localhost:8080/" "Mozilla/5.0 (Windows NT 10.0; Win64; x64) AppleWebKit/537.36 (KHTML, like Gecko) Chrome/80.0.3987.87 Safari/537.36"
::1 - - [2020-2-21 16:37:01] "POST /jssdk/logs HTTP/1.1" - 200 573 "http://localhost:8080/" "Mozilla/5.0 (Windows NT 10.0; Win64; x64) AppleWebKit/537.36 (KHTML, like Gecko) Chrome/80.0.3987.87 Safari/537.36"
::1 - - [2020-2-21 16:37:31] "POST /jssdk/logs HTTP/1.1" - 200 573 "http://localhost:8080/" "Mozilla/5.0 (Windows NT 10.0; Win64; x64) AppleWebKit/537.36 (KHTML, like Gecko) Chrome/80.0.3987.87 Safari/537.36"
::1 - - [2020-2-21 16:38:01] "POST /jssdk/logs HTTP/1.1" - 200 573 "http://localhost:8080/" "Mozilla/5.0 (Windows NT 10.0; Win64; x64) AppleWebKit/537.36 (KHTML, like Gecko) Chrome/80.0.3987.87 Safari/537.36"
::1 - - [2020-2-21 16:38:31] "POST /jssdk/logs HTTP/1.1" - 200 573 "http://localhost:8080/" "Mozilla/5.0 (Windows NT 10.0; Win64; x64) AppleWebKit/537.36 (KHTML, like Gecko) Chrome/80.0.3987.87 Safari/537.36"
::1 - - [2020-2-21 16:39:01] "POST /jssdk/logs HTTP/1.1" - 200 573 "http://localhost:8080/" "Mozilla/5.0 (Windows NT 10.0; Win64; x64) AppleWebKit/537.36 (KHTML, like Gecko) Chrome/80.0.3987.87 Safari/537.36"
::1 - - [2020-2-21 16:39:20] "POST /jssdk/verifyparams HTTP/1.1" - 200 36 "http://localhost:8080/" "Mozilla/5.0 (Windows NT 10.0; Win64; x64) AppleWebKit/537.36 (KHTML, like Gecko) Chrome/80.0.3987.87 Safari/537.36"
::1 - - [2020-2-21 16:39:38] "POST /jssdk/customersinfo HTTP/1.1" - - - "http://localhost:8080/" "Mozilla/5.0 (Windows NT 10.0; Win64; x64) AppleWebKit/537.36 (KHTML, like Gecko) Chrome/80.0.3987.87 Safari/537.36"
::1 - - [2020-2-21 16:39:38] "POST /jssdk/verifyparams HTTP/1.1" - 200 36 "http://localhost:8080/" "Mozilla/5.0 (Windows NT 10.0; Win64; x64) AppleWebKit/537.36 (KHTML, like Gecko) Chrome/80.0.3987.87 Safari/537.36"
::1 - - [2020-2-21 16:40:09] "POST /jssdk/logs HTTP/1.1" - 200 657 "http://localhost:8080/" "Mozilla/5.0 (Windows NT 10.0; Win64; x64) AppleWebKit/537.36 (KHTML, like Gecko) Chrome/80.0.3987.87 Safari/537.36"
::1 - - [2020-2-21 16:40:39] "POST /jssdk/logs HTTP/1.1" - 200 657 "http://localhost:8080/" "Mozilla/5.0 (Windows NT 10.0; Win64; x64) AppleWebKit/537.36 (KHTML, like Gecko) Chrome/80.0.3987.87 Safari/537.36"
::1 - - [2020-2-21 16:41:09] "POST /jssdk/logs HTTP/1.1" - 200 657 "http://localhost:8080/" "Mozilla/5.0 (Windows NT 10.0; Win64; x64) AppleWebKit/537.36 (KHTML, like Gecko) Chrome/80.0.3987.87 Safari/537.36"
::1 - - [2020-2-21 16:41:39] "POST /jssdk/logs HTTP/1.1" - 200 657 "http://localhost:8080/" "Mozilla/5.0 (Windows NT 10.0; Win64; x64) AppleWebKit/537.36 (KHTML, like Gecko) Chrome/80.0.3987.87 Safari/537.36"
::1 - - [2020-2-21 16:42:09] "POST /jssdk/logs HTTP/1.1" - 200 657 "http://localhost:8080/" "Mozilla/5.0 (Windows NT 10.0; Win64; x64) AppleWebKit/537.36 (KHTML, like Gecko) Chrome/80.0.3987.87 Safari/537.36"
::1 - - [2020-2-21 16:42:39] "POST /jssdk/logs HTTP/1.1" - 200 657 "http://localhost:8080/" "Mozilla/5.0 (Windows NT 10.0; Win64; x64) AppleWebKit/537.36 (KHTML, like Gecko) Chrome/80.0.3987.87 Safari/537.36"
::1 - - [2020-2-21 16:43:09] "POST /jssdk/logs HTTP/1.1" - 200 657 "http://localhost:8080/" "Mozilla/5.0 (Windows NT 10.0; Win64; x64) AppleWebKit/537.36 (KHTML, like Gecko) Chrome/80.0.3987.87 Safari/537.36"
::1 - - [2020-2-21 16:43:16] "POST /jssdk/verifyparams HTTP/1.1" - 200 36 "http://localhost:8080/" "Mozilla/5.0 (Windows NT 10.0; Win64; x64) AppleWebKit/537.36 (KHTML, like Gecko) Chrome/80.0.3987.87 Safari/537.36"
::1 - - [2020-2-21 16:43:46] "POST /jssdk/logs HTTP/1.1" - 200 699 "http://localhost:8080/" "Mozilla/5.0 (Windows NT 10.0; Win64; x64) AppleWebKit/537.36 (KHTML, like Gecko) Chrome/80.0.3987.87 Safari/537.36"
::1 - - [2020-2-21 16:44:16] "POST /jssdk/logs HTTP/1.1" - 200 699 "http://localhost:8080/" "Mozilla/5.0 (Windows NT 10.0; Win64; x64) AppleWebKit/537.36 (KHTML, like Gecko) Chrome/80.0.3987.87 Safari/537.36"
::1 - - [2020-2-21 16:44:46] "POST /jssdk/logs HTTP/1.1" - 200 699 "http://localhost:8080/" "Mozilla/5.0 (Windows NT 10.0; Win64; x64) AppleWebKit/537.36 (KHTML, like Gecko) Chrome/80.0.3987.87 Safari/537.36"
::1 - - [2020-2-21 16:45:16] "POST /jssdk/logs HTTP/1.1" - 200 699 "http://localhost:8080/" "Mozilla/5.0 (Windows NT 10.0; Win64; x64) AppleWebKit/537.36 (KHTML, like Gecko) Chrome/80.0.3987.87 Safari/537.36"
::ffff:127.0.0.1 - - [2020-2-21 16:45:46] "POST /jssdk/logs HTTP/1.1" - 200 699 "http://localhost:8080/" "Mozilla/5.0 (Windows NT 10.0; Win64; x64) AppleWebKit/537.36 (KHTML, like Gecko) Chrome/80.0.3987.87 Safari/537.36"
::1 - - [2020-2-21 16:46:16] "POST /jssdk/logs HTTP/1.1" - 200 699 "http://localhost:8080/" "Mozilla/5.0 (Windows NT 10.0; Win64; x64) AppleWebKit/537.36 (KHTML, like Gecko) Chrome/80.0.3987.87 Safari/537.36"
::1 - - [2020-2-21 16:46:24] "POST /jssdk/verifyparams HTTP/1.1" - 200 36 "http://localhost:8080/" "Mozilla/5.0 (Windows NT 10.0; Win64; x64) AppleWebKit/537.36 (KHTML, like Gecko) Chrome/80.0.3987.87 Safari/537.36"
::1 - - [2020-2-21 16:46:24] "POST /jssdk/customersinfo HTTP/1.1" - 200 134 "http://localhost:8080/" "Mozilla/5.0 (Windows NT 10.0; Win64; x64) AppleWebKit/537.36 (KHTML, like Gecko) Chrome/80.0.3987.87 Safari/537.36"
::1 - - [2020-2-21 16:46:56] "POST /jssdk/logs HTTP/1.1" - 200 741 "http://localhost:8080/" "Mozilla/5.0 (Windows NT 10.0; Win64; x64) AppleWebKit/537.36 (KHTML, like Gecko) Chrome/80.0.3987.87 Safari/537.36"
::1 - - [2020-2-21 16:47:26] "POST /jssdk/logs HTTP/1.1" - 200 741 "http://localhost:8080/" "Mozilla/5.0 (Windows NT 10.0; Win64; x64) AppleWebKit/537.36 (KHTML, like Gecko) Chrome/80.0.3987.87 Safari/537.36"
::1 - - [2020-2-21 16:48:17] "POST /jssdk/verifyparams HTTP/1.1" - 200 36 "http://localhost:8080/" "Mozilla/5.0 (Windows NT 10.0; Win64; x64) AppleWebKit/537.36 (KHTML, like Gecko) Chrome/80.0.3987.87 Safari/537.36"
::1 - - [2020-2-21 16:48:17] "POST /jssdk/customersinfo HTTP/1.1" - 200 134 "http://localhost:8080/" "Mozilla/5.0 (Windows NT 10.0; Win64; x64) AppleWebKit/537.36 (KHTML, like Gecko) Chrome/80.0.3987.87 Safari/537.36"
::1 - - [2020-2-21 16:48:47] "POST /jssdk/logs HTTP/1.1" - 200 30 "http://localhost:8080/" "Mozilla/5.0 (Windows NT 10.0; Win64; x64) AppleWebKit/537.36 (KHTML, like Gecko) Chrome/80.0.3987.87 Safari/537.36"
::1 - - [2020-2-21 16:50:08] "POST /jssdk/verifyparams HTTP/1.1" - 200 36 "http://localhost:8080/" "Mozilla/5.0 (Windows NT 10.0; Win64; x64) AppleWebKit/537.36 (KHTML, like Gecko) Chrome/80.0.3987.87 Safari/537.36"
::1 - - [2020-2-21 16:50:08] "POST /jssdk/customersinfo HTTP/1.1" - 200 134 "http://localhost:8080/" "Mozilla/5.0 (Windows NT 10.0; Win64; x64) AppleWebKit/537.36 (KHTML, like Gecko) Chrome/80.0.3987.87 Safari/537.36"
::1 - - [2020-2-21 16:50:38] "POST /jssdk/logs HTTP/1.1" - 200 30 "http://localhost:8080/" "Mozilla/5.0 (Windows NT 10.0; Win64; x64) AppleWebKit/537.36 (KHTML, like Gecko) Chrome/80.0.3987.87 Safari/537.36"
::1 - - [2020-2-21 16:50:38] "POST /jssdk/verifyparams HTTP/1.1" - 200 36 "http://localhost:8080/" "Mozilla/5.0 (Windows NT 10.0; Win64; x64) AppleWebKit/537.36 (KHTML, like Gecko) Chrome/80.0.3987.87 Safari/537.36"
::1 - - [2020-2-21 16:50:38] "POST /jssdk/customersinfo HTTP/1.1" - 200 133 "http://localhost:8080/" "Mozilla/5.0 (Windows NT 10.0; Win64; x64) AppleWebKit/537.36 (KHTML, like Gecko) Chrome/80.0.3987.87 Safari/537.36"
::1 - - [2020-2-21 16:51:08] "POST /jssdk/logs HTTP/1.1" - 200 30 "http://localhost:8080/" "Mozilla/5.0 (Windows NT 10.0; Win64; x64) AppleWebKit/537.36 (KHTML, like Gecko) Chrome/80.0.3987.87 Safari/537.36"
::1 - - [2020-2-21 16:51:38] "POST /jssdk/logs HTTP/1.1" - 200 30 "http://localhost:8080/" "Mozilla/5.0 (Windows NT 10.0; Win64; x64) AppleWebKit/537.36 (KHTML, like Gecko) Chrome/80.0.3987.87 Safari/537.36"
::1 - - [2020-2-21 16:52:08] "POST /jssdk/logs HTTP/1.1" - 200 30 "http://localhost:8080/" "Mozilla/5.0 (Windows NT 10.0; Win64; x64) AppleWebKit/537.36 (KHTML, like Gecko) Chrome/80.0.3987.87 Safari/537.36"
::1 - - [2020-2-21 16:52:38] "POST /jssdk/logs HTTP/1.1" - 200 30 "http://localhost:8080/" "Mozilla/5.0 (Windows NT 10.0; Win64; x64) AppleWebKit/537.36 (KHTML, like Gecko) Chrome/80.0.3987.87 Safari/537.36"
::1 - - [2020-2-21 16:53:08] "POST /jssdk/logs HTTP/1.1" - 200 30 "http://localhost:8080/" "Mozilla/5.0 (Windows NT 10.0; Win64; x64) AppleWebKit/537.36 (KHTML, like Gecko) Chrome/80.0.3987.87 Safari/537.36"
::1 - - [2020-2-21 16:53:38] "POST /jssdk/logs HTTP/1.1" - 200 30 "http://localhost:8080/" "Mozilla/5.0 (Windows NT 10.0; Win64; x64) AppleWebKit/537.36 (KHTML, like Gecko) Chrome/80.0.3987.87 Safari/537.36"
::1 - - [2020-2-21 16:54:08] "POST /jssdk/logs HTTP/1.1" - 200 30 "http://localhost:8080/" "Mozilla/5.0 (Windows NT 10.0; Win64; x64) AppleWebKit/537.36 (KHTML, like Gecko) Chrome/80.0.3987.87 Safari/537.36"
::1 - - [2020-2-21 16:54:38] "POST /jssdk/logs HTTP/1.1" - 200 30 "http://localhost:8080/" "Mozilla/5.0 (Windows NT 10.0; Win64; x64) AppleWebKit/537.36 (KHTML, like Gecko) Chrome/80.0.3987.87 Safari/537.36"
::1 - - [2020-2-21 16:55:08] "POST /jssdk/logs HTTP/1.1" - 200 30 "http://localhost:8080/" "Mozilla/5.0 (Windows NT 10.0; Win64; x64) AppleWebKit/537.36 (KHTML, like Gecko) Chrome/80.0.3987.87 Safari/537.36"
::1 - - [2020-2-21 16:55:38] "POST /jssdk/logs HTTP/1.1" - 200 30 "http://localhost:8080/" "Mozilla/5.0 (Windows NT 10.0; Win64; x64) AppleWebKit/537.36 (KHTML, like Gecko) Chrome/80.0.3987.87 Safari/537.36"
::1 - - [2020-2-21 16:56:08] "POST /jssdk/logs HTTP/1.1" - 200 30 "http://localhost:8080/" "Mozilla/5.0 (Windows NT 10.0; Win64; x64) AppleWebKit/537.36 (KHTML, like Gecko) Chrome/80.0.3987.87 Safari/537.36"
::1 - - [2020-2-21 16:56:38] "POST /jssdk/logs HTTP/1.1" - 200 30 "http://localhost:8080/" "Mozilla/5.0 (Windows NT 10.0; Win64; x64) AppleWebKit/537.36 (KHTML, like Gecko) Chrome/80.0.3987.87 Safari/537.36"
::1 - - [2020-2-21 16:57:08] "POST /jssdk/logs HTTP/1.1" - 200 30 "http://localhost:8080/" "Mozilla/5.0 (Windows NT 10.0; Win64; x64) AppleWebKit/537.36 (KHTML, like Gecko) Chrome/80.0.3987.87 Safari/537.36"
::1 - - [2020-2-21 17:19:18] "POST /jssdk/verifyparams HTTP/1.1" - 200 36 "http://localhost:8080/" "Mozilla/5.0 (Windows NT 10.0; Win64; x64) AppleWebKit/537.36 (KHTML, like Gecko) Chrome/80.0.3987.87 Safari/537.36"
::1 - - [2020-2-21 17:19:18] "POST /jssdk/customersinfo HTTP/1.1" - 200 134 "http://localhost:8080/" "Mozilla/5.0 (Windows NT 10.0; Win64; x64) AppleWebKit/537.36 (KHTML, like Gecko) Chrome/80.0.3987.87 Safari/537.36"
::1 - - [2020-2-21 17:19:48] "POST /jssdk/logs HTTP/1.1" - 200 30 "http://localhost:8080/" "Mozilla/5.0 (Windows NT 10.0; Win64; x64) AppleWebKit/537.36 (KHTML, like Gecko) Chrome/80.0.3987.87 Safari/537.36"
::1 - - [2020-2-21 17:20:18] "POST /jssdk/logs HTTP/1.1" - 200 30 "http://localhost:8080/" "Mozilla/5.0 (Windows NT 10.0; Win64; x64) AppleWebKit/537.36 (KHTML, like Gecko) Chrome/80.0.3987.87 Safari/537.36"
::1 - - [2020-2-21 17:20:48] "POST /jssdk/logs HTTP/1.1" - 200 30 "http://localhost:8080/" "Mozilla/5.0 (Windows NT 10.0; Win64; x64) AppleWebKit/537.36 (KHTML, like Gecko) Chrome/80.0.3987.87 Safari/537.36"
::1 - - [2020-2-21 17:21:18] "POST /jssdk/logs HTTP/1.1" - 200 30 "http://localhost:8080/" "Mozilla/5.0 (Windows NT 10.0; Win64; x64) AppleWebKit/537.36 (KHTML, like Gecko) Chrome/80.0.3987.87 Safari/537.36"
::1 - - [2020-2-21 17:21:48] "POST /jssdk/logs HTTP/1.1" - 200 30 "http://localhost:8080/" "Mozilla/5.0 (Windows NT 10.0; Win64; x64) AppleWebKit/537.36 (KHTML, like Gecko) Chrome/80.0.3987.87 Safari/537.36"
::1 - - [2020-2-21 17:22:18] "POST /jssdk/logs HTTP/1.1" - 200 30 "http://localhost:8080/" "Mozilla/5.0 (Windows NT 10.0; Win64; x64) AppleWebKit/537.36 (KHTML, like Gecko) Chrome/80.0.3987.87 Safari/537.36"
::1 - - [2020-2-21 17:22:32] "POST /jssdk/verifyparams HTTP/1.1" - 200 36 "http://localhost:8080/" "Mozilla/5.0 (Windows NT 10.0; Win64; x64) AppleWebKit/537.36 (KHTML, like Gecko) Chrome/80.0.3987.87 Safari/537.36"
::1 - - [2020-2-21 17:22:32] "POST /jssdk/customersinfo HTTP/1.1" - 200 134 "http://localhost:8080/" "Mozilla/5.0 (Windows NT 10.0; Win64; x64) AppleWebKit/537.36 (KHTML, like Gecko) Chrome/80.0.3987.87 Safari/537.36"
::1 - - [2020-2-21 17:23:02] "POST /jssdk/logs HTTP/1.1" - 200 3345 "http://localhost:8080/" "Mozilla/5.0 (Windows NT 10.0; Win64; x64) AppleWebKit/537.36 (KHTML, like Gecko) Chrome/80.0.3987.87 Safari/537.36"
::1 - - [2020-2-21 17:23:32] "POST /jssdk/logs HTTP/1.1" - 200 3345 "http://localhost:8080/" "Mozilla/5.0 (Windows NT 10.0; Win64; x64) AppleWebKit/537.36 (KHTML, like Gecko) Chrome/80.0.3987.87 Safari/537.36"
::1 - - [2020-2-21 17:24:02] "POST /jssdk/logs HTTP/1.1" - 200 3345 "http://localhost:8080/" "Mozilla/5.0 (Windows NT 10.0; Win64; x64) AppleWebKit/537.36 (KHTML, like Gecko) Chrome/80.0.3987.87 Safari/537.36"
::1 - - [2020-2-21 17:24:32] "POST /jssdk/logs HTTP/1.1" - 200 3345 "http://localhost:8080/" "Mozilla/5.0 (Windows NT 10.0; Win64; x64) AppleWebKit/537.36 (KHTML, like Gecko) Chrome/80.0.3987.87 Safari/537.36"
::1 - - [2020-2-21 17:25:02] "POST /jssdk/logs HTTP/1.1" - 200 3345 "http://localhost:8080/" "Mozilla/5.0 (Windows NT 10.0; Win64; x64) AppleWebKit/537.36 (KHTML, like Gecko) Chrome/80.0.3987.87 Safari/537.36"
::1 - - [2020-2-21 17:25:32] "POST /jssdk/logs HTTP/1.1" - 200 3345 "http://localhost:8080/" "Mozilla/5.0 (Windows NT 10.0; Win64; x64) AppleWebKit/537.36 (KHTML, like Gecko) Chrome/80.0.3987.87 Safari/537.36"
::1 - - [2020-2-21 17:26:02] "POST /jssdk/logs HTTP/1.1" - 200 3345 "http://localhost:8080/" "Mozilla/5.0 (Windows NT 10.0; Win64; x64) AppleWebKit/537.36 (KHTML, like Gecko) Chrome/80.0.3987.87 Safari/537.36"
::1 - - [2020-2-21 17:26:32] "POST /jssdk/logs HTTP/1.1" - 200 3345 "http://localhost:8080/" "Mozilla/5.0 (Windows NT 10.0; Win64; x64) AppleWebKit/537.36 (KHTML, like Gecko) Chrome/80.0.3987.87 Safari/537.36"
::1 - - [2020-2-21 17:27:02] "POST /jssdk/logs HTTP/1.1" - 200 3345 "http://localhost:8080/" "Mozilla/5.0 (Windows NT 10.0; Win64; x64) AppleWebKit/537.36 (KHTML, like Gecko) Chrome/80.0.3987.87 Safari/537.36"
::1 - - [2020-2-21 17:27:32] "POST /jssdk/logs HTTP/1.1" - 200 3345 "http://localhost:8080/" "Mozilla/5.0 (Windows NT 10.0; Win64; x64) AppleWebKit/537.36 (KHTML, like Gecko) Chrome/80.0.3987.87 Safari/537.36"
::1 - - [2020-2-21 17:28:02] "POST /jssdk/logs HTTP/1.1" - 200 3819 "http://localhost:8080/" "Mozilla/5.0 (Windows NT 10.0; Win64; x64) AppleWebKit/537.36 (KHTML, like Gecko) Chrome/80.0.3987.87 Safari/537.36"
::1 - - [2020-2-21 17:28:32] "POST /jssdk/logs HTTP/1.1" - 200 3819 "http://localhost:8080/" "Mozilla/5.0 (Windows NT 10.0; Win64; x64) AppleWebKit/537.36 (KHTML, like Gecko) Chrome/80.0.3987.87 Safari/537.36"
::1 - - [2020-2-21 17:29:02] "POST /jssdk/logs HTTP/1.1" - 200 3819 "http://localhost:8080/" "Mozilla/5.0 (Windows NT 10.0; Win64; x64) AppleWebKit/537.36 (KHTML, like Gecko) Chrome/80.0.3987.87 Safari/537.36"
::1 - - [2020-2-21 17:29:32] "POST /jssdk/logs HTTP/1.1" - 200 3819 "http://localhost:8080/" "Mozilla/5.0 (Windows NT 10.0; Win64; x64) AppleWebKit/537.36 (KHTML, like Gecko) Chrome/80.0.3987.87 Safari/537.36"
::1 - - [2020-2-21 17:30:02] "POST /jssdk/logs HTTP/1.1" - 200 3819 "http://localhost:8080/" "Mozilla/5.0 (Windows NT 10.0; Win64; x64) AppleWebKit/537.36 (KHTML, like Gecko) Chrome/80.0.3987.87 Safari/537.36"
::1 - - [2020-2-21 17:30:32] "POST /jssdk/logs HTTP/1.1" - 200 3819 "http://localhost:8080/" "Mozilla/5.0 (Windows NT 10.0; Win64; x64) AppleWebKit/537.36 (KHTML, like Gecko) Chrome/80.0.3987.87 Safari/537.36"
::ffff:127.0.0.1 - - [2020-2-21 17:31:05] "POST /jssdk/logs HTTP/1.1" - 200 3819 "http://localhost:8080/" "Mozilla/5.0 (Windows NT 10.0; Win64; x64) AppleWebKit/537.36 (KHTML, like Gecko) Chrome/80.0.3987.87 Safari/537.36"
::1 - - [2020-2-21 17:31:15] "POST /jssdk/verifyparams HTTP/1.1" - 200 36 "http://localhost:8080/" "Mozilla/5.0 (Windows NT 10.0; Win64; x64) AppleWebKit/537.36 (KHTML, like Gecko) Chrome/80.0.3987.87 Safari/537.36"
::1 - - [2020-2-21 17:31:15] "POST /jssdk/customersinfo HTTP/1.1" - 200 134 "http://localhost:8080/" "Mozilla/5.0 (Windows NT 10.0; Win64; x64) AppleWebKit/537.36 (KHTML, like Gecko) Chrome/80.0.3987.87 Safari/537.36"
::1 - - [2020-2-21 17:31:45] "POST /jssdk/logs HTTP/1.1" - 200 5292 "http://localhost:8080/" "Mozilla/5.0 (Windows NT 10.0; Win64; x64) AppleWebKit/537.36 (KHTML, like Gecko) Chrome/80.0.3987.87 Safari/537.36"
::1 - - [2020-2-21 17:32:15] "POST /jssdk/logs HTTP/1.1" - 200 5292 "http://localhost:8080/" "Mozilla/5.0 (Windows NT 10.0; Win64; x64) AppleWebKit/537.36 (KHTML, like Gecko) Chrome/80.0.3987.87 Safari/537.36"
::1 - - [2020-2-21 17:32:45] "POST /jssdk/logs HTTP/1.1" - 200 5292 "http://localhost:8080/" "Mozilla/5.0 (Windows NT 10.0; Win64; x64) AppleWebKit/537.36 (KHTML, like Gecko) Chrome/80.0.3987.87 Safari/537.36"
::1 - - [2020-2-21 17:33:15] "POST /jssdk/logs HTTP/1.1" - 200 5292 "http://localhost:8080/" "Mozilla/5.0 (Windows NT 10.0; Win64; x64) AppleWebKit/537.36 (KHTML, like Gecko) Chrome/80.0.3987.87 Safari/537.36"
::1 - - [2020-2-21 17:33:45] "POST /jssdk/logs HTTP/1.1" - 200 5292 "http://localhost:8080/" "Mozilla/5.0 (Windows NT 10.0; Win64; x64) AppleWebKit/537.36 (KHTML, like Gecko) Chrome/80.0.3987.87 Safari/537.36"
::1 - - [2020-2-21 17:34:15] "POST /jssdk/logs HTTP/1.1" - 200 5292 "http://localhost:8080/" "Mozilla/5.0 (Windows NT 10.0; Win64; x64) AppleWebKit/537.36 (KHTML, like Gecko) Chrome/80.0.3987.87 Safari/537.36"
::1 - - [2020-2-21 17:34:45] "POST /jssdk/logs HTTP/1.1" - 200 5292 "http://localhost:8080/" "Mozilla/5.0 (Windows NT 10.0; Win64; x64) AppleWebKit/537.36 (KHTML, like Gecko) Chrome/80.0.3987.87 Safari/537.36"
::1 - - [2020-2-21 17:35:15] "POST /jssdk/logs HTTP/1.1" - 200 5292 "http://localhost:8080/" "Mozilla/5.0 (Windows NT 10.0; Win64; x64) AppleWebKit/537.36 (KHTML, like Gecko) Chrome/80.0.3987.87 Safari/537.36"
::1 - - [2020-2-21 17:35:45] "POST /jssdk/logs HTTP/1.1" - 200 5292 "http://localhost:8080/" "Mozilla/5.0 (Windows NT 10.0; Win64; x64) AppleWebKit/537.36 (KHTML, like Gecko) Chrome/80.0.3987.87 Safari/537.36"
::1 - - [2020-2-21 17:36:15] "POST /jssdk/logs HTTP/1.1" - 200 5292 "http://localhost:8080/" "Mozilla/5.0 (Windows NT 10.0; Win64; x64) AppleWebKit/537.36 (KHTML, like Gecko) Chrome/80.0.3987.87 Safari/537.36"
::1 - - [2020-2-21 17:36:45] "POST /jssdk/logs HTTP/1.1" - 200 5292 "http://localhost:8080/" "Mozilla/5.0 (Windows NT 10.0; Win64; x64) AppleWebKit/537.36 (KHTML, like Gecko) Chrome/80.0.3987.87 Safari/537.36"
::1 - - [2020-2-21 17:37:15] "POST /jssdk/logs HTTP/1.1" - 200 5292 "http://localhost:8080/" "Mozilla/5.0 (Windows NT 10.0; Win64; x64) AppleWebKit/537.36 (KHTML, like Gecko) Chrome/80.0.3987.87 Safari/537.36"
::1 - - [2020-2-21 17:37:45] "POST /jssdk/logs HTTP/1.1" - 200 5292 "http://localhost:8080/" "Mozilla/5.0 (Windows NT 10.0; Win64; x64) AppleWebKit/537.36 (KHTML, like Gecko) Chrome/80.0.3987.87 Safari/537.36"
::1 - - [2020-2-21 17:38:15] "POST /jssdk/logs HTTP/1.1" - 200 5292 "http://localhost:8080/" "Mozilla/5.0 (Windows NT 10.0; Win64; x64) AppleWebKit/537.36 (KHTML, like Gecko) Chrome/80.0.3987.87 Safari/537.36"
::1 - - [2020-2-21 17:38:45] "POST /jssdk/logs HTTP/1.1" - 200 5292 "http://localhost:8080/" "Mozilla/5.0 (Windows NT 10.0; Win64; x64) AppleWebKit/537.36 (KHTML, like Gecko) Chrome/80.0.3987.87 Safari/537.36"
::1 - - [2020-2-21 17:39:15] "POST /jssdk/logs HTTP/1.1" - 200 5292 "http://localhost:8080/" "Mozilla/5.0 (Windows NT 10.0; Win64; x64) AppleWebKit/537.36 (KHTML, like Gecko) Chrome/80.0.3987.87 Safari/537.36"
::1 - - [2020-2-21 17:39:45] "POST /jssdk/logs HTTP/1.1" - 200 5292 "http://localhost:8080/" "Mozilla/5.0 (Windows NT 10.0; Win64; x64) AppleWebKit/537.36 (KHTML, like Gecko) Chrome/80.0.3987.87 Safari/537.36"
::1 - - [2020-2-21 17:40:15] "POST /jssdk/logs HTTP/1.1" - 200 5292 "http://localhost:8080/" "Mozilla/5.0 (Windows NT 10.0; Win64; x64) AppleWebKit/537.36 (KHTML, like Gecko) Chrome/80.0.3987.87 Safari/537.36"
::1 - - [2020-2-21 17:40:45] "POST /jssdk/logs HTTP/1.1" - 200 5292 "http://localhost:8080/" "Mozilla/5.0 (Windows NT 10.0; Win64; x64) AppleWebKit/537.36 (KHTML, like Gecko) Chrome/80.0.3987.87 Safari/537.36"
::1 - - [2020-2-21 17:41:15] "POST /jssdk/logs HTTP/1.1" - 200 5292 "http://localhost:8080/" "Mozilla/5.0 (Windows NT 10.0; Win64; x64) AppleWebKit/537.36 (KHTML, like Gecko) Chrome/80.0.3987.87 Safari/537.36"
::1 - - [2020-2-21 17:41:45] "POST /jssdk/logs HTTP/1.1" - 200 5292 "http://localhost:8080/" "Mozilla/5.0 (Windows NT 10.0; Win64; x64) AppleWebKit/537.36 (KHTML, like Gecko) Chrome/80.0.3987.87 Safari/537.36"
::1 - - [2020-2-21 17:42:15] "POST /jssdk/logs HTTP/1.1" - 200 5292 "http://localhost:8080/" "Mozilla/5.0 (Windows NT 10.0; Win64; x64) AppleWebKit/537.36 (KHTML, like Gecko) Chrome/80.0.3987.87 Safari/537.36"
::1 - - [2020-2-21 17:42:45] "POST /jssdk/logs HTTP/1.1" - 200 5292 "http://localhost:8080/" "Mozilla/5.0 (Windows NT 10.0; Win64; x64) AppleWebKit/537.36 (KHTML, like Gecko) Chrome/80.0.3987.87 Safari/537.36"
::1 - - [2020-2-21 17:43:06] "POST /jssdk/verifyparams HTTP/1.1" - 200 36 "http://localhost:8080/" "Mozilla/5.0 (Windows NT 10.0; Win64; x64) AppleWebKit/537.36 (KHTML, like Gecko) Chrome/80.0.3987.87 Safari/537.36"
::1 - - [2020-2-21 17:43:06] "POST /jssdk/customersinfo HTTP/1.1" - 200 134 "http://localhost:8080/" "Mozilla/5.0 (Windows NT 10.0; Win64; x64) AppleWebKit/537.36 (KHTML, like Gecko) Chrome/80.0.3987.87 Safari/537.36"
::1 - - [2020-2-21 17:43:37] "POST /jssdk/logs HTTP/1.1" - 200 6762 "http://localhost:8080/" "Mozilla/5.0 (Windows NT 10.0; Win64; x64) AppleWebKit/537.36 (KHTML, like Gecko) Chrome/80.0.3987.87 Safari/537.36"
::1 - - [2020-2-21 17:44:06] "POST /jssdk/logs HTTP/1.1" - 200 7239 "http://localhost:8080/" "Mozilla/5.0 (Windows NT 10.0; Win64; x64) AppleWebKit/537.36 (KHTML, like Gecko) Chrome/80.0.3987.87 Safari/537.36"
::1 - - [2020-2-21 17:44:36] "POST /jssdk/logs HTTP/1.1" - 200 7709 "http://localhost:8080/" "Mozilla/5.0 (Windows NT 10.0; Win64; x64) AppleWebKit/537.36 (KHTML, like Gecko) Chrome/80.0.3987.87 Safari/537.36"
::1 - - [2020-2-21 17:45:06] "POST /jssdk/logs HTTP/1.1" - 200 7709 "http://localhost:8080/" "Mozilla/5.0 (Windows NT 10.0; Win64; x64) AppleWebKit/537.36 (KHTML, like Gecko) Chrome/80.0.3987.87 Safari/537.36"
::1 - - [2020-2-21 17:45:36] "POST /jssdk/logs HTTP/1.1" - 200 7709 "http://localhost:8080/" "Mozilla/5.0 (Windows NT 10.0; Win64; x64) AppleWebKit/537.36 (KHTML, like Gecko) Chrome/80.0.3987.87 Safari/537.36"
::1 - - [2020-2-21 17:46:06] "POST /jssdk/logs HTTP/1.1" - 200 7709 "http://localhost:8080/" "Mozilla/5.0 (Windows NT 10.0; Win64; x64) AppleWebKit/537.36 (KHTML, like Gecko) Chrome/80.0.3987.87 Safari/537.36"
::1 - - [2020-2-21 17:46:36] "POST /jssdk/logs HTTP/1.1" - 200 7709 "http://localhost:8080/" "Mozilla/5.0 (Windows NT 10.0; Win64; x64) AppleWebKit/537.36 (KHTML, like Gecko) Chrome/80.0.3987.87 Safari/537.36"
::1 - - [2020-2-21 17:46:45] "POST /jssdk/verifyparams HTTP/1.1" - 200 36 "http://localhost:8080/" "Mozilla/5.0 (Windows NT 10.0; Win64; x64) AppleWebKit/537.36 (KHTML, like Gecko) Chrome/80.0.3987.87 Safari/537.36"
::1 - - [2020-2-21 17:46:45] "POST /jssdk/customersinfo HTTP/1.1" - 200 134 "http://localhost:8080/" "Mozilla/5.0 (Windows NT 10.0; Win64; x64) AppleWebKit/537.36 (KHTML, like Gecko) Chrome/80.0.3987.87 Safari/537.36"
::1 - - [2020-2-21 17:47:15] "POST /jssdk/logs HTTP/1.1" - 200 8708 "http://localhost:8080/" "Mozilla/5.0 (Windows NT 10.0; Win64; x64) AppleWebKit/537.36 (KHTML, like Gecko) Chrome/80.0.3987.87 Safari/537.36"
::1 - - [2020-2-21 17:47:45] "POST /jssdk/logs HTTP/1.1" - 200 8708 "http://localhost:8080/" "Mozilla/5.0 (Windows NT 10.0; Win64; x64) AppleWebKit/537.36 (KHTML, like Gecko) Chrome/80.0.3987.87 Safari/537.36"
::1 - - [2020-2-21 17:48:15] "POST /jssdk/logs HTTP/1.1" - 200 8708 "http://localhost:8080/" "Mozilla/5.0 (Windows NT 10.0; Win64; x64) AppleWebKit/537.36 (KHTML, like Gecko) Chrome/80.0.3987.87 Safari/537.36"
::1 - - [2020-2-21 17:48:45] "POST /jssdk/logs HTTP/1.1" - 200 8708 "http://localhost:8080/" "Mozilla/5.0 (Windows NT 10.0; Win64; x64) AppleWebKit/537.36 (KHTML, like Gecko) Chrome/80.0.3987.87 Safari/537.36"
::1 - - [2020-2-21 17:49:06] "POST /jssdk/verifyparams HTTP/1.1" - 200 36 "http://localhost:8080/" "Mozilla/5.0 (Windows NT 10.0; Win64; x64) AppleWebKit/537.36 (KHTML, like Gecko) Chrome/80.0.3987.87 Safari/537.36"
::1 - - [2020-2-21 17:49:06] "POST /jssdk/customersinfo HTTP/1.1" - 200 134 "http://localhost:8080/" "Mozilla/5.0 (Windows NT 10.0; Win64; x64) AppleWebKit/537.36 (KHTML, like Gecko) Chrome/80.0.3987.87 Safari/537.36"
::1 - - [2020-2-21 17:49:36] "POST /jssdk/logs HTTP/1.1" - 200 9231 "http://localhost:8080/" "Mozilla/5.0 (Windows NT 10.0; Win64; x64) AppleWebKit/537.36 (KHTML, like Gecko) Chrome/80.0.3987.87 Safari/537.36"
::1 - - [2020-2-21 17:50:06] "POST /jssdk/logs HTTP/1.1" - 200 9231 "http://localhost:8080/" "Mozilla/5.0 (Windows NT 10.0; Win64; x64) AppleWebKit/537.36 (KHTML, like Gecko) Chrome/80.0.3987.87 Safari/537.36"
::1 - - [2020-2-21 17:50:54] "POST /jssdk/verifyparams HTTP/1.1" - 200 36 "http://localhost:8080/" "Mozilla/5.0 (Windows NT 10.0; Win64; x64) AppleWebKit/537.36 (KHTML, like Gecko) Chrome/80.0.3987.87 Safari/537.36"
::1 - - [2020-2-21 17:50:54] "POST /jssdk/customersinfo HTTP/1.1" - 200 133 "http://localhost:8080/" "Mozilla/5.0 (Windows NT 10.0; Win64; x64) AppleWebKit/537.36 (KHTML, like Gecko) Chrome/80.0.3987.87 Safari/537.36"
::1 - - [2020-2-21 17:51:24] "POST /jssdk/logs HTTP/1.1" - 200 2303 "http://localhost:8080/" "Mozilla/5.0 (Windows NT 10.0; Win64; x64) AppleWebKit/537.36 (KHTML, like Gecko) Chrome/80.0.3987.87 Safari/537.36"
::1 - - [2020-2-21 17:51:54] "POST /jssdk/logs HTTP/1.1" - 200 2768 "http://localhost:8080/" "Mozilla/5.0 (Windows NT 10.0; Win64; x64) AppleWebKit/537.36 (KHTML, like Gecko) Chrome/80.0.3987.87 Safari/537.36"
::1 - - [2020-2-21 17:52:24] "POST /jssdk/logs HTTP/1.1" - 200 2768 "http://localhost:8080/" "Mozilla/5.0 (Windows NT 10.0; Win64; x64) AppleWebKit/537.36 (KHTML, like Gecko) Chrome/80.0.3987.87 Safari/537.36"
::1 - - [2020-2-21 17:52:54] "POST /jssdk/logs HTTP/1.1" - 200 2768 "http://localhost:8080/" "Mozilla/5.0 (Windows NT 10.0; Win64; x64) AppleWebKit/537.36 (KHTML, like Gecko) Chrome/80.0.3987.87 Safari/537.36"
::1 - - [2020-2-21 17:53:24] "POST /jssdk/logs HTTP/1.1" - 200 2768 "http://localhost:8080/" "Mozilla/5.0 (Windows NT 10.0; Win64; x64) AppleWebKit/537.36 (KHTML, like Gecko) Chrome/80.0.3987.87 Safari/537.36"
::1 - - [2020-2-21 17:53:54] "POST /jssdk/logs HTTP/1.1" - 200 2768 "http://localhost:8080/" "Mozilla/5.0 (Windows NT 10.0; Win64; x64) AppleWebKit/537.36 (KHTML, like Gecko) Chrome/80.0.3987.87 Safari/537.36"
::1 - - [2020-2-21 17:54:24] "POST /jssdk/logs HTTP/1.1" - 200 2768 "http://localhost:8080/" "Mozilla/5.0 (Windows NT 10.0; Win64; x64) AppleWebKit/537.36 (KHTML, like Gecko) Chrome/80.0.3987.87 Safari/537.36"
::1 - - [2020-2-21 17:54:54] "POST /jssdk/logs HTTP/1.1" - 200 2768 "http://localhost:8080/" "Mozilla/5.0 (Windows NT 10.0; Win64; x64) AppleWebKit/537.36 (KHTML, like Gecko) Chrome/80.0.3987.87 Safari/537.36"
::1 - - [2020-2-21 17:55:24] "POST /jssdk/logs HTTP/1.1" - 200 2768 "http://localhost:8080/" "Mozilla/5.0 (Windows NT 10.0; Win64; x64) AppleWebKit/537.36 (KHTML, like Gecko) Chrome/80.0.3987.87 Safari/537.36"
::1 - - [2020-2-21 17:55:54] "POST /jssdk/logs HTTP/1.1" - 200 2768 "http://localhost:8080/" "Mozilla/5.0 (Windows NT 10.0; Win64; x64) AppleWebKit/537.36 (KHTML, like Gecko) Chrome/80.0.3987.87 Safari/537.36"
::1 - - [2020-2-21 17:56:24] "POST /jssdk/logs HTTP/1.1" - 200 2768 "http://localhost:8080/" "Mozilla/5.0 (Windows NT 10.0; Win64; x64) AppleWebKit/537.36 (KHTML, like Gecko) Chrome/80.0.3987.87 Safari/537.36"
::1 - - [2020-2-21 17:56:54] "POST /jssdk/logs HTTP/1.1" - 200 2768 "http://localhost:8080/" "Mozilla/5.0 (Windows NT 10.0; Win64; x64) AppleWebKit/537.36 (KHTML, like Gecko) Chrome/80.0.3987.87 Safari/537.36"
::1 - - [2020-2-21 17:57:24] "POST /jssdk/logs HTTP/1.1" - 200 2768 "http://localhost:8080/" "Mozilla/5.0 (Windows NT 10.0; Win64; x64) AppleWebKit/537.36 (KHTML, like Gecko) Chrome/80.0.3987.87 Safari/537.36"
::1 - - [2020-2-21 17:57:54] "POST /jssdk/logs HTTP/1.1" - 200 2768 "http://localhost:8080/" "Mozilla/5.0 (Windows NT 10.0; Win64; x64) AppleWebKit/537.36 (KHTML, like Gecko) Chrome/80.0.3987.87 Safari/537.36"
::1 - - [2020-2-21 17:58:24] "POST /jssdk/logs HTTP/1.1" - 200 2768 "http://localhost:8080/" "Mozilla/5.0 (Windows NT 10.0; Win64; x64) AppleWebKit/537.36 (KHTML, like Gecko) Chrome/80.0.3987.87 Safari/537.36"
::1 - - [2020-2-21 17:58:54] "POST /jssdk/logs HTTP/1.1" - 200 2768 "http://localhost:8080/" "Mozilla/5.0 (Windows NT 10.0; Win64; x64) AppleWebKit/537.36 (KHTML, like Gecko) Chrome/80.0.3987.87 Safari/537.36"
::1 - - [2020-2-21 17:59:24] "POST /jssdk/logs HTTP/1.1" - 200 2768 "http://localhost:8080/" "Mozilla/5.0 (Windows NT 10.0; Win64; x64) AppleWebKit/537.36 (KHTML, like Gecko) Chrome/80.0.3987.87 Safari/537.36"
::1 - - [2020-2-21 17:59:54] "POST /jssdk/logs HTTP/1.1" - 200 2768 "http://localhost:8080/" "Mozilla/5.0 (Windows NT 10.0; Win64; x64) AppleWebKit/537.36 (KHTML, like Gecko) Chrome/80.0.3987.87 Safari/537.36"
::1 - - [2020-2-21 18:00:24] "POST /jssdk/logs HTTP/1.1" - 200 2768 "http://localhost:8080/" "Mozilla/5.0 (Windows NT 10.0; Win64; x64) AppleWebKit/537.36 (KHTML, like Gecko) Chrome/80.0.3987.87 Safari/537.36"
::1 - - [2020-2-21 18:00:54] "POST /jssdk/logs HTTP/1.1" - 200 2768 "http://localhost:8080/" "Mozilla/5.0 (Windows NT 10.0; Win64; x64) AppleWebKit/537.36 (KHTML, like Gecko) Chrome/80.0.3987.87 Safari/537.36"
::1 - - [2020-2-21 18:01:24] "POST /jssdk/logs HTTP/1.1" - 200 2768 "http://localhost:8080/" "Mozilla/5.0 (Windows NT 10.0; Win64; x64) AppleWebKit/537.36 (KHTML, like Gecko) Chrome/80.0.3987.87 Safari/537.36"
::1 - - [2020-2-21 18:01:54] "POST /jssdk/logs HTTP/1.1" - 200 2768 "http://localhost:8080/" "Mozilla/5.0 (Windows NT 10.0; Win64; x64) AppleWebKit/537.36 (KHTML, like Gecko) Chrome/80.0.3987.87 Safari/537.36"
::1 - - [2020-2-21 18:02:24] "POST /jssdk/logs HTTP/1.1" - 200 2768 "http://localhost:8080/" "Mozilla/5.0 (Windows NT 10.0; Win64; x64) AppleWebKit/537.36 (KHTML, like Gecko) Chrome/80.0.3987.87 Safari/537.36"
::1 - - [2020-2-21 18:02:54] "POST /jssdk/logs HTTP/1.1" - 200 2768 "http://localhost:8080/" "Mozilla/5.0 (Windows NT 10.0; Win64; x64) AppleWebKit/537.36 (KHTML, like Gecko) Chrome/80.0.3987.87 Safari/537.36"
::1 - - [2020-2-21 18:03:24] "POST /jssdk/logs HTTP/1.1" - 200 2768 "http://localhost:8080/" "Mozilla/5.0 (Windows NT 10.0; Win64; x64) AppleWebKit/537.36 (KHTML, like Gecko) Chrome/80.0.3987.87 Safari/537.36"
::1 - - [2020-2-21 18:03:54] "POST /jssdk/logs HTTP/1.1" - 200 2768 "http://localhost:8080/" "Mozilla/5.0 (Windows NT 10.0; Win64; x64) AppleWebKit/537.36 (KHTML, like Gecko) Chrome/80.0.3987.87 Safari/537.36"
::1 - - [2020-2-21 18:04:24] "POST /jssdk/logs HTTP/1.1" - 200 2768 "http://localhost:8080/" "Mozilla/5.0 (Windows NT 10.0; Win64; x64) AppleWebKit/537.36 (KHTML, like Gecko) Chrome/80.0.3987.87 Safari/537.36"
::1 - - [2020-2-21 18:04:54] "POST /jssdk/logs HTTP/1.1" - 200 2768 "http://localhost:8080/" "Mozilla/5.0 (Windows NT 10.0; Win64; x64) AppleWebKit/537.36 (KHTML, like Gecko) Chrome/80.0.3987.87 Safari/537.36"
::1 - - [2020-2-21 18:05:24] "POST /jssdk/logs HTTP/1.1" - 200 2768 "http://localhost:8080/" "Mozilla/5.0 (Windows NT 10.0; Win64; x64) AppleWebKit/537.36 (KHTML, like Gecko) Chrome/80.0.3987.87 Safari/537.36"
::1 - - [2020-2-21 18:05:54] "POST /jssdk/logs HTTP/1.1" - 200 2768 "http://localhost:8080/" "Mozilla/5.0 (Windows NT 10.0; Win64; x64) AppleWebKit/537.36 (KHTML, like Gecko) Chrome/80.0.3987.87 Safari/537.36"
::1 - - [2020-2-21 18:06:24] "POST /jssdk/logs HTTP/1.1" - 200 2768 "http://localhost:8080/" "Mozilla/5.0 (Windows NT 10.0; Win64; x64) AppleWebKit/537.36 (KHTML, like Gecko) Chrome/80.0.3987.87 Safari/537.36"
::1 - - [2020-2-21 18:06:54] "POST /jssdk/logs HTTP/1.1" - 200 2768 "http://localhost:8080/" "Mozilla/5.0 (Windows NT 10.0; Win64; x64) AppleWebKit/537.36 (KHTML, like Gecko) Chrome/80.0.3987.87 Safari/537.36"
::1 - - [2020-2-21 18:07:24] "POST /jssdk/logs HTTP/1.1" - 200 2768 "http://localhost:8080/" "Mozilla/5.0 (Windows NT 10.0; Win64; x64) AppleWebKit/537.36 (KHTML, like Gecko) Chrome/80.0.3987.87 Safari/537.36"
::1 - - [2020-2-21 18:07:54] "POST /jssdk/logs HTTP/1.1" - 200 2768 "http://localhost:8080/" "Mozilla/5.0 (Windows NT 10.0; Win64; x64) AppleWebKit/537.36 (KHTML, like Gecko) Chrome/80.0.3987.87 Safari/537.36"
::1 - - [2020-2-21 18:08:24] "POST /jssdk/logs HTTP/1.1" - 200 2768 "http://localhost:8080/" "Mozilla/5.0 (Windows NT 10.0; Win64; x64) AppleWebKit/537.36 (KHTML, like Gecko) Chrome/80.0.3987.87 Safari/537.36"
::1 - - [2020-2-21 18:08:54] "POST /jssdk/logs HTTP/1.1" - 200 2768 "http://localhost:8080/" "Mozilla/5.0 (Windows NT 10.0; Win64; x64) AppleWebKit/537.36 (KHTML, like Gecko) Chrome/80.0.3987.87 Safari/537.36"
::1 - - [2020-2-21 18:09:24] "POST /jssdk/logs HTTP/1.1" - 200 2768 "http://localhost:8080/" "Mozilla/5.0 (Windows NT 10.0; Win64; x64) AppleWebKit/537.36 (KHTML, like Gecko) Chrome/80.0.3987.87 Safari/537.36"
::1 - - [2020-2-21 18:09:54] "POST /jssdk/logs HTTP/1.1" - 200 2768 "http://localhost:8080/" "Mozilla/5.0 (Windows NT 10.0; Win64; x64) AppleWebKit/537.36 (KHTML, like Gecko) Chrome/80.0.3987.87 Safari/537.36"
::1 - - [2020-2-21 18:10:24] "POST /jssdk/logs HTTP/1.1" - 200 2768 "http://localhost:8080/" "Mozilla/5.0 (Windows NT 10.0; Win64; x64) AppleWebKit/537.36 (KHTML, like Gecko) Chrome/80.0.3987.87 Safari/537.36"
::1 - - [2020-2-21 18:10:54] "POST /jssdk/logs HTTP/1.1" - 200 2768 "http://localhost:8080/" "Mozilla/5.0 (Windows NT 10.0; Win64; x64) AppleWebKit/537.36 (KHTML, like Gecko) Chrome/80.0.3987.87 Safari/537.36"
::1 - - [2020-2-21 18:11:24] "POST /jssdk/logs HTTP/1.1" - 200 2768 "http://localhost:8080/" "Mozilla/5.0 (Windows NT 10.0; Win64; x64) AppleWebKit/537.36 (KHTML, like Gecko) Chrome/80.0.3987.87 Safari/537.36"
::1 - - [2020-2-21 18:11:54] "POST /jssdk/logs HTTP/1.1" - 200 2768 "http://localhost:8080/" "Mozilla/5.0 (Windows NT 10.0; Win64; x64) AppleWebKit/537.36 (KHTML, like Gecko) Chrome/80.0.3987.87 Safari/537.36"
::1 - - [2020-2-21 18:12:24] "POST /jssdk/logs HTTP/1.1" - 200 2768 "http://localhost:8080/" "Mozilla/5.0 (Windows NT 10.0; Win64; x64) AppleWebKit/537.36 (KHTML, like Gecko) Chrome/80.0.3987.87 Safari/537.36"
::1 - - [2020-2-21 18:12:54] "POST /jssdk/logs HTTP/1.1" - 200 2768 "http://localhost:8080/" "Mozilla/5.0 (Windows NT 10.0; Win64; x64) AppleWebKit/537.36 (KHTML, like Gecko) Chrome/80.0.3987.87 Safari/537.36"
::1 - - [2020-2-21 18:13:24] "POST /jssdk/logs HTTP/1.1" - 200 2768 "http://localhost:8080/" "Mozilla/5.0 (Windows NT 10.0; Win64; x64) AppleWebKit/537.36 (KHTML, like Gecko) Chrome/80.0.3987.87 Safari/537.36"
::1 - - [2020-2-21 18:13:54] "POST /jssdk/logs HTTP/1.1" - 200 2768 "http://localhost:8080/" "Mozilla/5.0 (Windows NT 10.0; Win64; x64) AppleWebKit/537.36 (KHTML, like Gecko) Chrome/80.0.3987.87 Safari/537.36"
::1 - - [2020-2-21 18:14:24] "POST /jssdk/logs HTTP/1.1" - 200 2768 "http://localhost:8080/" "Mozilla/5.0 (Windows NT 10.0; Win64; x64) AppleWebKit/537.36 (KHTML, like Gecko) Chrome/80.0.3987.87 Safari/537.36"
::1 - - [2020-2-21 18:14:54] "POST /jssdk/logs HTTP/1.1" - 200 2768 "http://localhost:8080/" "Mozilla/5.0 (Windows NT 10.0; Win64; x64) AppleWebKit/537.36 (KHTML, like Gecko) Chrome/80.0.3987.87 Safari/537.36"
::1 - - [2020-2-21 18:15:24] "POST /jssdk/logs HTTP/1.1" - 200 2768 "http://localhost:8080/" "Mozilla/5.0 (Windows NT 10.0; Win64; x64) AppleWebKit/537.36 (KHTML, like Gecko) Chrome/80.0.3987.87 Safari/537.36"
::1 - - [2020-2-21 18:15:54] "POST /jssdk/logs HTTP/1.1" - 200 2768 "http://localhost:8080/" "Mozilla/5.0 (Windows NT 10.0; Win64; x64) AppleWebKit/537.36 (KHTML, like Gecko) Chrome/80.0.3987.87 Safari/537.36"
::1 - - [2020-2-21 18:16:24] "POST /jssdk/logs HTTP/1.1" - 200 2768 "http://localhost:8080/" "Mozilla/5.0 (Windows NT 10.0; Win64; x64) AppleWebKit/537.36 (KHTML, like Gecko) Chrome/80.0.3987.87 Safari/537.36"
::1 - - [2020-2-21 18:16:54] "POST /jssdk/logs HTTP/1.1" - 200 2768 "http://localhost:8080/" "Mozilla/5.0 (Windows NT 10.0; Win64; x64) AppleWebKit/537.36 (KHTML, like Gecko) Chrome/80.0.3987.87 Safari/537.36"
::1 - - [2020-2-21 18:17:24] "POST /jssdk/logs HTTP/1.1" - 200 2768 "http://localhost:8080/" "Mozilla/5.0 (Windows NT 10.0; Win64; x64) AppleWebKit/537.36 (KHTML, like Gecko) Chrome/80.0.3987.87 Safari/537.36"
::1 - - [2020-2-21 18:17:54] "POST /jssdk/logs HTTP/1.1" - 200 2768 "http://localhost:8080/" "Mozilla/5.0 (Windows NT 10.0; Win64; x64) AppleWebKit/537.36 (KHTML, like Gecko) Chrome/80.0.3987.87 Safari/537.36"
::1 - - [2020-2-21 18:18:24] "POST /jssdk/logs HTTP/1.1" - 200 2768 "http://localhost:8080/" "Mozilla/5.0 (Windows NT 10.0; Win64; x64) AppleWebKit/537.36 (KHTML, like Gecko) Chrome/80.0.3987.87 Safari/537.36"
::1 - - [2020-2-21 18:18:54] "POST /jssdk/logs HTTP/1.1" - 200 2768 "http://localhost:8080/" "Mozilla/5.0 (Windows NT 10.0; Win64; x64) AppleWebKit/537.36 (KHTML, like Gecko) Chrome/80.0.3987.87 Safari/537.36"
::1 - - [2020-2-21 18:19:24] "POST /jssdk/logs HTTP/1.1" - 200 2768 "http://localhost:8080/" "Mozilla/5.0 (Windows NT 10.0; Win64; x64) AppleWebKit/537.36 (KHTML, like Gecko) Chrome/80.0.3987.87 Safari/537.36"
::1 - - [2020-2-21 18:19:54] "POST /jssdk/logs HTTP/1.1" - 200 2768 "http://localhost:8080/" "Mozilla/5.0 (Windows NT 10.0; Win64; x64) AppleWebKit/537.36 (KHTML, like Gecko) Chrome/80.0.3987.87 Safari/537.36"
::1 - - [2020-2-21 18:20:24] "POST /jssdk/logs HTTP/1.1" - 200 2768 "http://localhost:8080/" "Mozilla/5.0 (Windows NT 10.0; Win64; x64) AppleWebKit/537.36 (KHTML, like Gecko) Chrome/80.0.3987.87 Safari/537.36"
::1 - - [2020-2-21 18:20:54] "POST /jssdk/logs HTTP/1.1" - 200 2768 "http://localhost:8080/" "Mozilla/5.0 (Windows NT 10.0; Win64; x64) AppleWebKit/537.36 (KHTML, like Gecko) Chrome/80.0.3987.87 Safari/537.36"
::1 - - [2020-2-21 18:21:24] "POST /jssdk/logs HTTP/1.1" - 200 2768 "http://localhost:8080/" "Mozilla/5.0 (Windows NT 10.0; Win64; x64) AppleWebKit/537.36 (KHTML, like Gecko) Chrome/80.0.3987.87 Safari/537.36"
::1 - - [2020-2-21 18:21:54] "POST /jssdk/logs HTTP/1.1" - 200 2768 "http://localhost:8080/" "Mozilla/5.0 (Windows NT 10.0; Win64; x64) AppleWebKit/537.36 (KHTML, like Gecko) Chrome/80.0.3987.87 Safari/537.36"
::1 - - [2020-2-21 18:22:24] "POST /jssdk/logs HTTP/1.1" - 200 2768 "http://localhost:8080/" "Mozilla/5.0 (Windows NT 10.0; Win64; x64) AppleWebKit/537.36 (KHTML, like Gecko) Chrome/80.0.3987.87 Safari/537.36"
::1 - - [2020-2-21 18:22:54] "POST /jssdk/logs HTTP/1.1" - 200 2768 "http://localhost:8080/" "Mozilla/5.0 (Windows NT 10.0; Win64; x64) AppleWebKit/537.36 (KHTML, like Gecko) Chrome/80.0.3987.87 Safari/537.36"
::1 - - [2020-2-21 18:23:24] "POST /jssdk/logs HTTP/1.1" - 200 2768 "http://localhost:8080/" "Mozilla/5.0 (Windows NT 10.0; Win64; x64) AppleWebKit/537.36 (KHTML, like Gecko) Chrome/80.0.3987.87 Safari/537.36"
::1 - - [2020-2-21 18:23:54] "POST /jssdk/logs HTTP/1.1" - 200 2768 "http://localhost:8080/" "Mozilla/5.0 (Windows NT 10.0; Win64; x64) AppleWebKit/537.36 (KHTML, like Gecko) Chrome/80.0.3987.87 Safari/537.36"
::1 - - [2020-2-21 18:24:24] "POST /jssdk/logs HTTP/1.1" - 200 2768 "http://localhost:8080/" "Mozilla/5.0 (Windows NT 10.0; Win64; x64) AppleWebKit/537.36 (KHTML, like Gecko) Chrome/80.0.3987.87 Safari/537.36"
::1 - - [2020-2-21 18:24:54] "POST /jssdk/logs HTTP/1.1" - 200 2768 "http://localhost:8080/" "Mozilla/5.0 (Windows NT 10.0; Win64; x64) AppleWebKit/537.36 (KHTML, like Gecko) Chrome/80.0.3987.87 Safari/537.36"
::1 - - [2020-2-21 18:25:24] "POST /jssdk/logs HTTP/1.1" - 200 2768 "http://localhost:8080/" "Mozilla/5.0 (Windows NT 10.0; Win64; x64) AppleWebKit/537.36 (KHTML, like Gecko) Chrome/80.0.3987.87 Safari/537.36"
::1 - - [2020-2-21 18:25:54] "POST /jssdk/logs HTTP/1.1" - 200 2768 "http://localhost:8080/" "Mozilla/5.0 (Windows NT 10.0; Win64; x64) AppleWebKit/537.36 (KHTML, like Gecko) Chrome/80.0.3987.87 Safari/537.36"
