2020-02-21 09:37:23: (node:6116) [SEQUELIZE0002] DeprecationWarning: The logging-option should be either a function or false. Default: console.log
2020-02-21 09:37:23: (node:6664) [SEQUELIZE0002] DeprecationWarning: The logging-option should be either a function or false. Default: console.log
2020-02-21 09:37:23: (node:18068) [SEQUELIZE0002] DeprecationWarning: The logging-option should be either a function or false. Default: console.log
2020-02-21 09:37:23: (node:11580) [SEQUELIZE0002] DeprecationWarning: The logging-option should be either a function or false. Default: console.log
2020-02-21 09:37:23: (node:4892) [SEQUELIZE0002] DeprecationWarning: The logging-option should be either a function or false. Default: console.log
2020-02-21 09:37:24: (node:3036) [SEQUELIZE0002] DeprecationWarning: The logging-option should be either a function or false. Default: console.log
2020-02-21 09:37:24: (node:15688) [SEQUELIZE0002] DeprecationWarning: The logging-option should be either a function or false. Default: console.log
2020-02-21 09:37:24: (node:14260) [SEQUELIZE0002] DeprecationWarning: The logging-option should be either a function or false. Default: console.log
2020-02-21 09:37:55: (node:19220) [SEQUELIZE0002] DeprecationWarning: The logging-option should be either a function or false. Default: console.log
2020-02-21 09:38:05: (node:19632) [SEQUELIZE0002] DeprecationWarning: The logging-option should be either a function or false. Default: console.log
2020-02-21 09:38:05: (node:14140) [SEQUELIZE0002] DeprecationWarning: The logging-option should be either a function or false. Default: console.log
2020-02-21 09:38:05: (node:3340) [SEQUELIZE0002] DeprecationWarning: The logging-option should be either a function or false. Default: console.log
2020-02-21 09:38:06: (node:21068) [SEQUELIZE0002] DeprecationWarning: The logging-option should be either a function or false. Default: console.log
2020-02-21 09:38:06: (node:18672) [SEQUELIZE0002] DeprecationWarning: The logging-option should be either a function or false. Default: console.log
2020-02-21 09:38:06: (node:19708) [SEQUELIZE0002] DeprecationWarning: The logging-option should be either a function or false. Default: console.log
2020-02-21 09:38:06: (node:5036) [SEQUELIZE0002] DeprecationWarning: The logging-option should be either a function or false. Default: console.log
2020-02-21 09:38:06: (node:16740) [SEQUELIZE0002] DeprecationWarning: The logging-option should be either a function or false. Default: console.log
2020-02-21 09:38:06: (node:21124) [SEQUELIZE0002] DeprecationWarning: The logging-option should be either a function or false. Default: console.log
2020-02-21 09:38:16: (node:13796) [SEQUELIZE0002] DeprecationWarning: The logging-option should be either a function or false. Default: console.log
2020-02-21 09:38:16: (node:16176) [SEQUELIZE0002] DeprecationWarning: The logging-option should be either a function or false. Default: console.log
2020-02-21 09:38:16: (node:4164) [SEQUELIZE0002] DeprecationWarning: The logging-option should be either a function or false. Default: console.log
2020-02-21 09:38:16: (node:1148) [SEQUELIZE0002] DeprecationWarning: The logging-option should be either a function or false. Default: console.log
2020-02-21 09:38:16: (node:7012) [SEQUELIZE0002] DeprecationWarning: The logging-option should be either a function or false. Default: console.log
2020-02-21 09:38:17: (node:6968) [SEQUELIZE0002] DeprecationWarning: The logging-option should be either a function or false. Default: console.log
2020-02-21 09:38:23: (node:14976) [SEQUELIZE0002] DeprecationWarning: The logging-option should be either a function or false. Default: console.log
2020-02-21 09:38:26: (node:5196) [SEQUELIZE0002] DeprecationWarning: The logging-option should be either a function or false. Default: console.log
2020-02-21 09:38:26: (node:2204) [SEQUELIZE0002] DeprecationWarning: The logging-option should be either a function or false. Default: console.log
2020-02-21 09:38:27: (node:4340) [SEQUELIZE0002] DeprecationWarning: The logging-option should be either a function or false. Default: console.log
2020-02-21 09:38:27: (node:18560) [SEQUELIZE0002] DeprecationWarning: The logging-option should be either a function or false. Default: console.log
2020-02-21 09:38:27: (node:19156) [SEQUELIZE0002] DeprecationWarning: The logging-option should be either a function or false. Default: console.log
2020-02-21 09:38:27: (node:18980) [SEQUELIZE0002] DeprecationWarning: The logging-option should be either a function or false. Default: console.log
2020-02-21 09:38:27: (node:4384) [SEQUELIZE0002] DeprecationWarning: The logging-option should be either a function or false. Default: console.log
2020-02-21 09:38:27: (node:20776) [SEQUELIZE0002] DeprecationWarning: The logging-option should be either a function or false. Default: console.log
2020-02-21 09:38:35: (node:11724) [SEQUELIZE0002] DeprecationWarning: The logging-option should be either a function or false. Default: console.log
2020-02-21 09:38:47: (node:13116) [SEQUELIZE0002] DeprecationWarning: The logging-option should be either a function or false. Default: console.log
2020-02-21 09:39:00: (node:21128) [SEQUELIZE0002] DeprecationWarning: The logging-option should be either a function or false. Default: console.log
2020-02-21 09:39:12: (node:876) [SEQUELIZE0002] DeprecationWarning: The logging-option should be either a function or false. Default: console.log
2020-02-21 09:39:23: (node:11964) [SEQUELIZE0002] DeprecationWarning: The logging-option should be either a function or false. Default: console.log
2020-02-21 09:39:57: (node:12224) [SEQUELIZE0002] DeprecationWarning: The logging-option should be either a function or false. Default: console.log
2020-02-21 09:40:08: (node:2220) [SEQUELIZE0002] DeprecationWarning: The logging-option should be either a function or false. Default: console.log
2020-02-21 09:40:19: (node:12480) [SEQUELIZE0002] DeprecationWarning: The logging-option should be either a function or false. Default: console.log
2020-02-21 09:40:31: (node:19044) [SEQUELIZE0002] DeprecationWarning: The logging-option should be either a function or false. Default: console.log
2020-02-21 09:40:42: (node:2540) [SEQUELIZE0002] DeprecationWarning: The logging-option should be either a function or false. Default: console.log
2020-02-21 09:40:55: (node:21388) [SEQUELIZE0002] DeprecationWarning: The logging-option should be either a function or false. Default: console.log
2020-02-21 09:41:06: (node:2052) [SEQUELIZE0002] DeprecationWarning: The logging-option should be either a function or false. Default: console.log
2020-02-21 09:41:17: (node:20948) [SEQUELIZE0002] DeprecationWarning: The logging-option should be either a function or false. Default: console.log
2020-02-21 09:41:56: (node:4884) [SEQUELIZE0002] DeprecationWarning: The logging-option should be either a function or false. Default: console.log
2020-02-21 09:42:08: (node:19208) [SEQUELIZE0002] DeprecationWarning: The logging-option should be either a function or false. Default: console.log
2020-02-21 09:42:20: (node:7020) [SEQUELIZE0002] DeprecationWarning: The logging-option should be either a function or false. Default: console.log
2020-02-21 09:42:32: (node:14508) [SEQUELIZE0002] DeprecationWarning: The logging-option should be either a function or false. Default: console.log
2020-02-21 09:42:44: (node:6968) [SEQUELIZE0002] DeprecationWarning: The logging-option should be either a function or false. Default: console.log
2020-02-21 09:42:55: (node:12136) [SEQUELIZE0002] DeprecationWarning: The logging-option should be either a function or false. Default: console.log
2020-02-21 09:43:07: (node:15936) [SEQUELIZE0002] DeprecationWarning: The logging-option should be either a function or false. Default: console.log
2020-02-21 09:43:19: (node:16788) [SEQUELIZE0002] DeprecationWarning: The logging-option should be either a function or false. Default: console.log
2020-02-21 09:43:56: (node:956) [SEQUELIZE0002] DeprecationWarning: The logging-option should be either a function or false. Default: console.log
2020-02-21 09:44:08: (node:16332) [SEQUELIZE0002] DeprecationWarning: The logging-option should be either a function or false. Default: console.log
2020-02-21 09:44:19: (node:19444) [SEQUELIZE0002] DeprecationWarning: The logging-option should be either a function or false. Default: console.log
2020-02-21 09:44:32: (node:3812) [SEQUELIZE0002] DeprecationWarning: The logging-option should be either a function or false. Default: console.log
2020-02-21 09:44:42: (node:17948) [SEQUELIZE0002] DeprecationWarning: The logging-option should be either a function or false. Default: console.log
2020-02-21 09:44:55: (node:19172) [SEQUELIZE0002] DeprecationWarning: The logging-option should be either a function or false. Default: console.log
2020-02-21 09:45:07: (node:2692) [SEQUELIZE0002] DeprecationWarning: The logging-option should be either a function or false. Default: console.log
2020-02-21 09:45:19: (node:15092) [SEQUELIZE0002] DeprecationWarning: The logging-option should be either a function or false. Default: console.log
2020-02-21 09:45:57: (node:5008) [SEQUELIZE0002] DeprecationWarning: The logging-option should be either a function or false. Default: console.log
2020-02-21 09:46:09: (node:11644) [SEQUELIZE0002] DeprecationWarning: The logging-option should be either a function or false. Default: console.log
2020-02-21 09:46:20: (node:17360) [SEQUELIZE0002] DeprecationWarning: The logging-option should be either a function or false. Default: console.log
2020-02-21 09:46:32: (node:20588) [SEQUELIZE0002] DeprecationWarning: The logging-option should be either a function or false. Default: console.log
2020-02-21 09:46:43: (node:5744) [SEQUELIZE0002] DeprecationWarning: The logging-option should be either a function or false. Default: console.log
2020-02-21 09:46:54: (node:144) [SEQUELIZE0002] DeprecationWarning: The logging-option should be either a function or false. Default: console.log
2020-02-21 09:47:07: (node:5636) [SEQUELIZE0002] DeprecationWarning: The logging-option should be either a function or false. Default: console.log
2020-02-21 09:47:18: (node:2356) [SEQUELIZE0002] DeprecationWarning: The logging-option should be either a function or false. Default: console.log
2020-02-21 09:47:57: (node:19264) [SEQUELIZE0002] DeprecationWarning: The logging-option should be either a function or false. Default: console.log
2020-02-21 09:48:07: (node:1236) [SEQUELIZE0002] DeprecationWarning: The logging-option should be either a function or false. Default: console.log
2020-02-21 09:48:20: (node:5200) [SEQUELIZE0002] DeprecationWarning: The logging-option should be either a function or false. Default: console.log
2020-02-21 09:48:31: (node:5448) [SEQUELIZE0002] DeprecationWarning: The logging-option should be either a function or false. Default: console.log
2020-02-21 09:48:43: (node:21440) [SEQUELIZE0002] DeprecationWarning: The logging-option should be either a function or false. Default: console.log
2020-02-21 09:48:56: (node:21180) [SEQUELIZE0002] DeprecationWarning: The logging-option should be either a function or false. Default: console.log
2020-02-21 09:49:07: (node:12708) [SEQUELIZE0002] DeprecationWarning: The logging-option should be either a function or false. Default: console.log
2020-02-21 09:49:18: (node:17724) [SEQUELIZE0002] DeprecationWarning: The logging-option should be either a function or false. Default: console.log
2020-02-21 09:49:56: (node:12360) [SEQUELIZE0002] DeprecationWarning: The logging-option should be either a function or false. Default: console.log
2020-02-21 09:50:08: (node:1032) [SEQUELIZE0002] DeprecationWarning: The logging-option should be either a function or false. Default: console.log
2020-02-21 09:50:18: (node:14268) [SEQUELIZE0002] DeprecationWarning: The logging-option should be either a function or false. Default: console.log
SyntaxError: D:/H5/project_demo_my/performanceMonitor/nodeBE-mysql/routes/index.js: Unexpected token (199:73)
  197 |     //     */
  198 |     //   })
> 199 |     logger.info('log4在pm2模式下会丢失日志；我要看看是不是真的'+new Date().toLocaleString()+)
      |                                                                          ^
  200 | 
  201 | 
  202 |     return res.send({err:0,msg:'success'})
    at Parser.pp$5.raise (D:\H5\project_demo_my\performanceMonitor\nodeBE-mysql\node_modules\babylon\lib\index.js:4454:13)
    at Parser.pp.unexpected (D:\H5\project_demo_my\performanceMonitor\nodeBE-mysql\node_modules\babylon\lib\index.js:1761:8)
    at Parser.pp$3.parseExprAtom (D:\H5\project_demo_my\performanceMonitor\nodeBE-mysql\node_modules\babylon\lib\index.js:3750:12)
    at Parser.pp$3.parseExprSubscripts (D:\H5\project_demo_my\performanceMonitor\nodeBE-mysql\node_modules\babylon\lib\index.js:3494:19)
    at Parser.pp$3.parseMaybeUnary (D:\H5\project_demo_my\performanceMonitor\nodeBE-mysql\node_modules\babylon\lib\index.js:3474:19)
    at Parser.pp$3.parseExprOp (D:\H5\project_demo_my\performanceMonitor\nodeBE-mysql\node_modules\babylon\lib\index.js:3435:42)
    at Parser.pp$3.parseExprOp (D:\H5\project_demo_my\performanceMonitor\nodeBE-mysql\node_modules\babylon\lib\index.js:3438:19)
    at Parser.pp$3.parseExprOps (D:\H5\project_demo_my\performanceMonitor\nodeBE-mysql\node_modules\babylon\lib\index.js:3408:17)
    at Parser.pp$3.parseMaybeConditional (D:\H5\project_demo_my\performanceMonitor\nodeBE-mysql\node_modules\babylon\lib\index.js:3381:19)
    at Parser.pp$3.parseMaybeAssign (D:\H5\project_demo_my\performanceMonitor\nodeBE-mysql\node_modules\babylon\lib\index.js:3344:19)
    at Parser.pp$3.parseExprListItem (D:\H5\project_demo_my\performanceMonitor\nodeBE-mysql\node_modules\babylon\lib\index.js:4312:16)
    at Parser.pp$3.parseCallExpressionArguments (D:\H5\project_demo_my\performanceMonitor\nodeBE-mysql\node_modules\babylon\lib\index.js:3573:20)
    at Parser.pp$3.parseSubscripts (D:\H5\project_demo_my\performanceMonitor\nodeBE-mysql\node_modules\babylon\lib\index.js:3533:31)
    at Parser.pp$3.parseExprSubscripts (D:\H5\project_demo_my\performanceMonitor\nodeBE-mysql\node_modules\babylon\lib\index.js:3504:15)
    at Parser.pp$3.parseMaybeUnary (D:\H5\project_demo_my\performanceMonitor\nodeBE-mysql\node_modules\babylon\lib\index.js:3474:19)
    at Parser.pp$3.parseExprOps (D:\H5\project_demo_my\performanceMonitor\nodeBE-mysql\node_modules\babylon\lib\index.js:3404:19)
    at Parser.pp$3.parseMaybeConditional (D:\H5\project_demo_my\performanceMonitor\nodeBE-mysql\node_modules\babylon\lib\index.js:3381:19)
    at Parser.pp$3.parseMaybeAssign (D:\H5\project_demo_my\performanceMonitor\nodeBE-mysql\node_modules\babylon\lib\index.js:3344:19)
    at Parser.pp$3.parseExpression (D:\H5\project_demo_my\performanceMonitor\nodeBE-mysql\node_modules\babylon\lib\index.js:3306:19)
    at Parser.pp$1.parseStatement (D:\H5\project_demo_my\performanceMonitor\nodeBE-mysql\node_modules\babylon\lib\index.js:1906:19)
    at Parser.pp$1.parseBlockBody (D:\H5\project_demo_my\performanceMonitor\nodeBE-mysql\node_modules\babylon\lib\index.js:2268:21)
    at Parser.pp$1.parseBlock (D:\H5\project_demo_my\performanceMonitor\nodeBE-mysql\node_modules\babylon\lib\index.js:2247:8)
2020-02-21 09:50:34: (node:4120) [SEQUELIZE0002] DeprecationWarning: The logging-option should be either a function or false. Default: console.log
2020-02-21 09:50:42: (node:20120) [SEQUELIZE0002] DeprecationWarning: The logging-option should be either a function or false. Default: console.log
SyntaxError: D:/H5/project_demo_my/performanceMonitor/nodeBE-mysql/routes/index.js: Unexpected token, expected , (199:44)
  197 |     //     */
  198 |     //   })
> 199 |     logger.info('log4在pm2模式下会丢失日志；我要看看是不是真的'${new Date().toLocaleString()+`pid：${process.pid}`)
      |                                             ^
  200 | 
  201 | 
  202 |     return res.send({err:0,msg:'success'})
    at Parser.pp$5.raise (D:\H5\project_demo_my\performanceMonitor\nodeBE-mysql\node_modules\babylon\lib\index.js:4454:13)
    at Parser.pp.unexpected (D:\H5\project_demo_my\performanceMonitor\nodeBE-mysql\node_modules\babylon\lib\index.js:1761:8)
    at Parser.pp.expect (D:\H5\project_demo_my\performanceMonitor\nodeBE-mysql\node_modules\babylon\lib\index.js:1749:33)
    at Parser.pp$3.parseCallExpressionArguments (D:\H5\project_demo_my\performanceMonitor\nodeBE-mysql\node_modules\babylon\lib\index.js:3564:12)
    at Parser.pp$3.parseSubscripts (D:\H5\project_demo_my\performanceMonitor\nodeBE-mysql\node_modules\babylon\lib\index.js:3533:31)
    at Parser.pp$3.parseExprSubscripts (D:\H5\project_demo_my\performanceMonitor\nodeBE-mysql\node_modules\babylon\lib\index.js:3504:15)
    at Parser.pp$3.parseMaybeUnary (D:\H5\project_demo_my\performanceMonitor\nodeBE-mysql\node_modules\babylon\lib\index.js:3474:19)
    at Parser.pp$3.parseExprOps (D:\H5\project_demo_my\performanceMonitor\nodeBE-mysql\node_modules\babylon\lib\index.js:3404:19)
    at Parser.pp$3.parseMaybeConditional (D:\H5\project_demo_my\performanceMonitor\nodeBE-mysql\node_modules\babylon\lib\index.js:3381:19)
    at Parser.pp$3.parseMaybeAssign (D:\H5\project_demo_my\performanceMonitor\nodeBE-mysql\node_modules\babylon\lib\index.js:3344:19)
    at Parser.pp$3.parseExpression (D:\H5\project_demo_my\performanceMonitor\nodeBE-mysql\node_modules\babylon\lib\index.js:3306:19)
    at Parser.pp$1.parseStatement (D:\H5\project_demo_my\performanceMonitor\nodeBE-mysql\node_modules\babylon\lib\index.js:1906:19)
    at Parser.pp$1.parseBlockBody (D:\H5\project_demo_my\performanceMonitor\nodeBE-mysql\node_modules\babylon\lib\index.js:2268:21)
    at Parser.pp$1.parseBlock (D:\H5\project_demo_my\performanceMonitor\nodeBE-mysql\node_modules\babylon\lib\index.js:2247:8)
    at Parser.pp$3.parseFunctionBody (D:\H5\project_demo_my\performanceMonitor\nodeBE-mysql\node_modules\babylon\lib\index.js:4235:22)
    at Parser.pp$3.parseArrowExpression (D:\H5\project_demo_my\performanceMonitor\nodeBE-mysql\node_modules\babylon\lib\index.js:4190:8)
    at Parser.pp$3.parseParenAndDistinguishExpression (D:\H5\project_demo_my\performanceMonitor\nodeBE-mysql\node_modules\babylon\lib\index.js:3855:17)
    at Parser.pp$3.parseExprAtom (D:\H5\project_demo_my\performanceMonitor\nodeBE-mysql\node_modules\babylon\lib\index.js:3709:19)
    at Parser.pp$3.parseExprSubscripts (D:\H5\project_demo_my\performanceMonitor\nodeBE-mysql\node_modules\babylon\lib\index.js:3494:19)
    at Parser.pp$3.parseMaybeUnary (D:\H5\project_demo_my\performanceMonitor\nodeBE-mysql\node_modules\babylon\lib\index.js:3474:19)
    at Parser.pp$3.parseExprOps (D:\H5\project_demo_my\performanceMonitor\nodeBE-mysql\node_modules\babylon\lib\index.js:3404:19)
    at Parser.pp$3.parseMaybeConditional (D:\H5\project_demo_my\performanceMonitor\nodeBE-mysql\node_modules\babylon\lib\index.js:3381:19)
SyntaxError: D:/H5/project_demo_my/performanceMonitor/nodeBE-mysql/routes/index.js: Unexpected token, expected , (199:44)
  197 |     //     */
  198 |     //   })
> 199 |     logger.info('log4在pm2模式下会丢失日志；我要看看是不是真的'${new Date().toLocaleString()}pid：${process.pid}`)
      |                                             ^
  200 | 
  201 | 
  202 |     return res.send({err:0,msg:'success'})
    at Parser.pp$5.raise (D:\H5\project_demo_my\performanceMonitor\nodeBE-mysql\node_modules\babylon\lib\index.js:4454:13)
    at Parser.pp.unexpected (D:\H5\project_demo_my\performanceMonitor\nodeBE-mysql\node_modules\babylon\lib\index.js:1761:8)
    at Parser.pp.expect (D:\H5\project_demo_my\performanceMonitor\nodeBE-mysql\node_modules\babylon\lib\index.js:1749:33)
    at Parser.pp$3.parseCallExpressionArguments (D:\H5\project_demo_my\performanceMonitor\nodeBE-mysql\node_modules\babylon\lib\index.js:3564:12)
    at Parser.pp$3.parseSubscripts (D:\H5\project_demo_my\performanceMonitor\nodeBE-mysql\node_modules\babylon\lib\index.js:3533:31)
    at Parser.pp$3.parseExprSubscripts (D:\H5\project_demo_my\performanceMonitor\nodeBE-mysql\node_modules\babylon\lib\index.js:3504:15)
    at Parser.pp$3.parseMaybeUnary (D:\H5\project_demo_my\performanceMonitor\nodeBE-mysql\node_modules\babylon\lib\index.js:3474:19)
    at Parser.pp$3.parseExprOps (D:\H5\project_demo_my\performanceMonitor\nodeBE-mysql\node_modules\babylon\lib\index.js:3404:19)
    at Parser.pp$3.parseMaybeConditional (D:\H5\project_demo_my\performanceMonitor\nodeBE-mysql\node_modules\babylon\lib\index.js:3381:19)
    at Parser.pp$3.parseMaybeAssign (D:\H5\project_demo_my\performanceMonitor\nodeBE-mysql\node_modules\babylon\lib\index.js:3344:19)
    at Parser.pp$3.parseExpression (D:\H5\project_demo_my\performanceMonitor\nodeBE-mysql\node_modules\babylon\lib\index.js:3306:19)
    at Parser.pp$1.parseStatement (D:\H5\project_demo_my\performanceMonitor\nodeBE-mysql\node_modules\babylon\lib\index.js:1906:19)
    at Parser.pp$1.parseBlockBody (D:\H5\project_demo_my\performanceMonitor\nodeBE-mysql\node_modules\babylon\lib\index.js:2268:21)
    at Parser.pp$1.parseBlock (D:\H5\project_demo_my\performanceMonitor\nodeBE-mysql\node_modules\babylon\lib\index.js:2247:8)
    at Parser.pp$3.parseFunctionBody (D:\H5\project_demo_my\performanceMonitor\nodeBE-mysql\node_modules\babylon\lib\index.js:4235:22)
    at Parser.pp$3.parseArrowExpression (D:\H5\project_demo_my\performanceMonitor\nodeBE-mysql\node_modules\babylon\lib\index.js:4190:8)
    at Parser.pp$3.parseParenAndDistinguishExpression (D:\H5\project_demo_my\performanceMonitor\nodeBE-mysql\node_modules\babylon\lib\index.js:3855:17)
    at Parser.pp$3.parseExprAtom (D:\H5\project_demo_my\performanceMonitor\nodeBE-mysql\node_modules\babylon\lib\index.js:3709:19)
    at Parser.pp$3.parseExprSubscripts (D:\H5\project_demo_my\performanceMonitor\nodeBE-mysql\node_modules\babylon\lib\index.js:3494:19)
    at Parser.pp$3.parseMaybeUnary (D:\H5\project_demo_my\performanceMonitor\nodeBE-mysql\node_modules\babylon\lib\index.js:3474:19)
    at Parser.pp$3.parseExprOps (D:\H5\project_demo_my\performanceMonitor\nodeBE-mysql\node_modules\babylon\lib\index.js:3404:19)
    at Parser.pp$3.parseMaybeConditional (D:\H5\project_demo_my\performanceMonitor\nodeBE-mysql\node_modules\babylon\lib\index.js:3381:19)
2020-02-21 09:51:02: (node:2304) [SEQUELIZE0002] DeprecationWarning: The logging-option should be either a function or false. Default: console.log
2020-02-21 09:51:05: (node:12764) [SEQUELIZE0002] DeprecationWarning: The logging-option should be either a function or false. Default: console.log
2020-02-21 09:51:18: (node:13096) [SEQUELIZE0002] DeprecationWarning: The logging-option should be either a function or false. Default: console.log
2020-02-21 09:51:57: (node:17664) [SEQUELIZE0002] DeprecationWarning: The logging-option should be either a function or false. Default: console.log
2020-02-21 09:52:08: (node:14060) [SEQUELIZE0002] DeprecationWarning: The logging-option should be either a function or false. Default: console.log
2020-02-21 09:52:20: (node:18404) [SEQUELIZE0002] DeprecationWarning: The logging-option should be either a function or false. Default: console.log
2020-02-21 09:52:32: (node:12744) [SEQUELIZE0002] DeprecationWarning: The logging-option should be either a function or false. Default: console.log
2020-02-21 09:52:43: (node:20408) [SEQUELIZE0002] DeprecationWarning: The logging-option should be either a function or false. Default: console.log
2020-02-21 09:52:55: (node:4284) [SEQUELIZE0002] DeprecationWarning: The logging-option should be either a function or false. Default: console.log
2020-02-21 09:53:06: (node:13196) [SEQUELIZE0002] DeprecationWarning: The logging-option should be either a function or false. Default: console.log
2020-02-21 09:53:17: (node:15724) [SEQUELIZE0002] DeprecationWarning: The logging-option should be either a function or false. Default: console.log
2020-02-21 09:53:57: (node:20828) [SEQUELIZE0002] DeprecationWarning: The logging-option should be either a function or false. Default: console.log
2020-02-21 09:54:08: (node:15712) [SEQUELIZE0002] DeprecationWarning: The logging-option should be either a function or false. Default: console.log
2020-02-21 09:54:17: (node:11652) [SEQUELIZE0002] DeprecationWarning: The logging-option should be either a function or false. Default: console.log
2020-02-21 09:54:27: (node:5084) [SEQUELIZE0002] DeprecationWarning: The logging-option should be either a function or false. Default: console.log
2020-02-21 09:54:27: (node:3544) [SEQUELIZE0002] DeprecationWarning: The logging-option should be either a function or false. Default: console.log
2020-02-21 09:54:28: (node:20912) [SEQUELIZE0002] DeprecationWarning: The logging-option should be either a function or false. Default: console.log
2020-02-21 09:54:28: (node:21096) [SEQUELIZE0002] DeprecationWarning: The logging-option should be either a function or false. Default: console.log
2020-02-21 09:54:28: (node:4376) [SEQUELIZE0002] DeprecationWarning: The logging-option should be either a function or false. Default: console.log
2020-02-21 09:54:28: (node:17724) [SEQUELIZE0002] DeprecationWarning: The logging-option should be either a function or false. Default: console.log
2020-02-21 09:54:28: (node:5884) [SEQUELIZE0002] DeprecationWarning: The logging-option should be either a function or false. Default: console.log
2020-02-21 09:54:28: (node:17528) [SEQUELIZE0002] DeprecationWarning: The logging-option should be either a function or false. Default: console.log
2020-02-21 09:54:28: (node:13296) [SEQUELIZE0002] DeprecationWarning: The logging-option should be either a function or false. Default: console.log
2020-02-21 09:54:41: (node:3404) [SEQUELIZE0002] DeprecationWarning: The logging-option should be either a function or false. Default: console.log
2020-02-21 09:54:53: (node:15984) [SEQUELIZE0002] DeprecationWarning: The logging-option should be either a function or false. Default: console.log
2020-02-21 09:55:05: (node:7140) [SEQUELIZE0002] DeprecationWarning: The logging-option should be either a function or false. Default: console.log
2020-02-21 09:55:14: (node:15056) [SEQUELIZE0002] DeprecationWarning: The logging-option should be either a function or false. Default: console.log
2020-02-21 09:55:56: (node:13208) [SEQUELIZE0002] DeprecationWarning: The logging-option should be either a function or false. Default: console.log
2020-02-21 09:56:08: (node:1120) [SEQUELIZE0002] DeprecationWarning: The logging-option should be either a function or false. Default: console.log
2020-02-21 09:56:19: (node:1824) [SEQUELIZE0002] DeprecationWarning: The logging-option should be either a function or false. Default: console.log
2020-02-21 09:56:31: (node:4292) [SEQUELIZE0002] DeprecationWarning: The logging-option should be either a function or false. Default: console.log
2020-02-21 09:56:44: (node:21080) [SEQUELIZE0002] DeprecationWarning: The logging-option should be either a function or false. Default: console.log
2020-02-21 09:56:55: (node:2192) [SEQUELIZE0002] DeprecationWarning: The logging-option should be either a function or false. Default: console.log
2020-02-21 09:57:07: (node:21344) [SEQUELIZE0002] DeprecationWarning: The logging-option should be either a function or false. Default: console.log
2020-02-21 09:57:20: (node:17340) [SEQUELIZE0002] DeprecationWarning: The logging-option should be either a function or false. Default: console.log
2020-02-21 09:57:55: (node:14060) [SEQUELIZE0002] DeprecationWarning: The logging-option should be either a function or false. Default: console.log
2020-02-21 09:58:07: (node:1304) [SEQUELIZE0002] DeprecationWarning: The logging-option should be either a function or false. Default: console.log
2020-02-21 09:58:20: (node:4908) [SEQUELIZE0002] DeprecationWarning: The logging-option should be either a function or false. Default: console.log
2020-02-21 09:58:31: (node:14952) [SEQUELIZE0002] DeprecationWarning: The logging-option should be either a function or false. Default: console.log
2020-02-21 09:58:43: (node:21052) [SEQUELIZE0002] DeprecationWarning: The logging-option should be either a function or false. Default: console.log
2020-02-21 09:58:55: (node:4648) [SEQUELIZE0002] DeprecationWarning: The logging-option should be either a function or false. Default: console.log
2020-02-21 09:59:07: (node:13796) [SEQUELIZE0002] DeprecationWarning: The logging-option should be either a function or false. Default: console.log
2020-02-21 09:59:18: (node:2828) [SEQUELIZE0002] DeprecationWarning: The logging-option should be either a function or false. Default: console.log
2020-02-21 09:59:56: (node:21100) [SEQUELIZE0002] DeprecationWarning: The logging-option should be either a function or false. Default: console.log
2020-02-21 10:00:09: (node:7188) [SEQUELIZE0002] DeprecationWarning: The logging-option should be either a function or false. Default: console.log
2020-02-21 10:00:19: (node:7256) [SEQUELIZE0002] DeprecationWarning: The logging-option should be either a function or false. Default: console.log
2020-02-21 10:00:29: (node:12904) [SEQUELIZE0002] DeprecationWarning: The logging-option should be either a function or false. Default: console.log
2020-02-21 10:00:42: (node:14628) [SEQUELIZE0002] DeprecationWarning: The logging-option should be either a function or false. Default: console.log
2020-02-21 10:00:53: (node:11908) [SEQUELIZE0002] DeprecationWarning: The logging-option should be either a function or false. Default: console.log
2020-02-21 10:01:05: (node:3312) [SEQUELIZE0002] DeprecationWarning: The logging-option should be either a function or false. Default: console.log
2020-02-21 10:01:15: (node:12028) [SEQUELIZE0002] DeprecationWarning: The logging-option should be either a function or false. Default: console.log
2020-02-21 10:01:55: (node:15288) [SEQUELIZE0002] DeprecationWarning: The logging-option should be either a function or false. Default: console.log
2020-02-21 10:02:08: (node:20276) [SEQUELIZE0002] DeprecationWarning: The logging-option should be either a function or false. Default: console.log
2020-02-21 10:02:19: (node:15072) [SEQUELIZE0002] DeprecationWarning: The logging-option should be either a function or false. Default: console.log
2020-02-21 10:02:29: (node:16104) [SEQUELIZE0002] DeprecationWarning: The logging-option should be either a function or false. Default: console.log
2020-02-21 10:02:29: (node:14136) [SEQUELIZE0002] DeprecationWarning: The logging-option should be either a function or false. Default: console.log
2020-02-21 10:02:29: (node:12996) [SEQUELIZE0002] DeprecationWarning: The logging-option should be either a function or false. Default: console.log
2020-02-21 10:02:29: (node:21440) [SEQUELIZE0002] DeprecationWarning: The logging-option should be either a function or false. Default: console.log
2020-02-21 10:02:29: (node:21052) [SEQUELIZE0002] DeprecationWarning: The logging-option should be either a function or false. Default: console.log
2020-02-21 10:02:54: (node:4292) [SEQUELIZE0002] DeprecationWarning: The logging-option should be either a function or false. Default: console.log
2020-02-21 10:03:05: (node:17292) [SEQUELIZE0002] DeprecationWarning: The logging-option should be either a function or false. Default: console.log
2020-02-21 10:03:16: (node:3052) [SEQUELIZE0002] DeprecationWarning: The logging-option should be either a function or false. Default: console.log
2020-02-21 10:03:27: (node:15724) [SEQUELIZE0002] DeprecationWarning: The logging-option should be either a function or false. Default: console.log
2020-02-21 10:03:37: (node:4844) [SEQUELIZE0002] DeprecationWarning: The logging-option should be either a function or false. Default: console.log
2020-02-21 10:03:55: (node:12152) [SEQUELIZE0002] DeprecationWarning: The logging-option should be either a function or false. Default: console.log
