2020-02-21 09:37:22: AccessLog path: D:\H5\project_demo_my\performanceMonitor\nodeBE-mysql\logs
2020-02-21 09:37:22: AccessLog path: D:\H5\project_demo_my\performanceMonitor\nodeBE-mysql\logs
2020-02-21 09:37:23: AccessLog path: D:\H5\project_demo_my\performanceMonitor\nodeBE-mysql\logs
2020-02-21 09:37:23: AccessLog path: D:\H5\project_demo_my\performanceMonitor\nodeBE-mysql\logs
2020-02-21 09:37:23: AccessLog path: D:\H5\project_demo_my\performanceMonitor\nodeBE-mysql\logs
2020-02-21 09:37:23: AccessLog path: D:\H5\project_demo_my\performanceMonitor\nodeBE-mysql\logs
2020-02-21 09:37:23: AccessLog path: D:\H5\project_demo_my\performanceMonitor\nodeBE-mysql\logs
2020-02-21 09:37:23: init sequelize...
2020-02-21 09:37:23: mysql:pamonitor;host:localhost;port:3306
2020-02-21 09:37:23: init sequelize...
2020-02-21 09:37:23: mysql:pamonitor;host:localhost;port:3306
2020-02-21 09:37:23: server running at http://localhost:3000  test
2020-02-21 09:37:23: 工作进程 6116 已启动
2020-02-21 09:37:23: server running at http://localhost:3000  test
2020-02-21 09:37:23: 工作进程 6664 已启动
2020-02-21 09:37:23: Executing (default): SELECT 1+1 AS result
2020-02-21 09:37:23: Executing (default): SELECT 1+1 AS result
2020-02-21 09:37:23: Connection has been established successfully.
2020-02-21 09:37:23: Connection has been established successfully.
2020-02-21 09:37:23: AccessLog path: D:\H5\project_demo_my\performanceMonitor\nodeBE-mysql\logs
2020-02-21 09:37:23: init sequelize...
2020-02-21 09:37:23: mysql:pamonitor;host:localhost;port:3306
2020-02-21 09:37:23: server running at http://localhost:3000  test
2020-02-21 09:37:23: 工作进程 18068 已启动
2020-02-21 09:37:23: Executing (default): SELECT 1+1 AS result
2020-02-21 09:37:23: Connection has been established successfully.
2020-02-21 09:37:23: init sequelize...
2020-02-21 09:37:23: mysql:pamonitor;host:localhost;port:3306
2020-02-21 09:37:23: server running at http://localhost:3000  test
2020-02-21 09:37:23: 工作进程 11580 已启动
2020-02-21 09:37:23: Executing (default): SELECT 1+1 AS result
2020-02-21 09:37:23: Connection has been established successfully.
2020-02-21 09:37:23: init sequelize...
2020-02-21 09:37:23: mysql:pamonitor;host:localhost;port:3306
2020-02-21 09:37:23: server running at http://localhost:3000  test
2020-02-21 09:37:23: 工作进程 4892 已启动
2020-02-21 09:37:24: Executing (default): SELECT 1+1 AS result
2020-02-21 09:37:24: Connection has been established successfully.
2020-02-21 09:37:23: init sequelize...
2020-02-21 09:37:23: mysql:pamonitor;host:localhost;port:3306
2020-02-21 09:37:24: server running at http://localhost:3000  test
2020-02-21 09:37:24: 工作进程 3036 已启动
2020-02-21 09:37:24: Executing (default): SELECT 1+1 AS result
2020-02-21 09:37:24: Connection has been established successfully.
2020-02-21 09:37:23: init sequelize...
2020-02-21 09:37:23: mysql:pamonitor;host:localhost;port:3306
2020-02-21 09:37:24: server running at http://localhost:3000  test
2020-02-21 09:37:24: 工作进程 15688 已启动
2020-02-21 09:37:24: Executing (default): SELECT 1+1 AS result
2020-02-21 09:37:24: Connection has been established successfully.
2020-02-21 09:37:24: init sequelize...
2020-02-21 09:37:24: mysql:pamonitor;host:localhost;port:3306
2020-02-21 09:37:24: server running at http://localhost:3000  test
2020-02-21 09:37:24: 工作进程 14260 已启动
2020-02-21 09:37:24: Executing (default): SELECT 1+1 AS result
2020-02-21 09:37:24: Connection has been established successfully.
2020-02-21 09:37:54: AccessLog path: D:\H5\project_demo_my\performanceMonitor\nodeBE-mysql\logs
2020-02-21 09:37:55: init sequelize...
2020-02-21 09:37:55: mysql:pamonitor;host:localhost;port:3306
2020-02-21 09:37:55: server running at http://localhost:3000  test
2020-02-21 09:37:55: 工作进程 19220 已启动
2020-02-21 09:37:55: Executing (default): SELECT 1+1 AS result
2020-02-21 09:37:55: Connection has been established successfully.
2020-02-21 09:38:04: AccessLog path: D:\H5\project_demo_my\performanceMonitor\nodeBE-mysql\logs
2020-02-21 09:38:04: AccessLog path: D:\H5\project_demo_my\performanceMonitor\nodeBE-mysql\logs
2020-02-21 09:38:05: AccessLog path: D:\H5\project_demo_my\performanceMonitor\nodeBE-mysql\logs
2020-02-21 09:38:05: AccessLog path: D:\H5\project_demo_my\performanceMonitor\nodeBE-mysql\logs
2020-02-21 09:38:05: AccessLog path: D:\H5\project_demo_my\performanceMonitor\nodeBE-mysql\logs
2020-02-21 09:38:05: init sequelize...
2020-02-21 09:38:05: mysql:pamonitor;host:localhost;port:3306
2020-02-21 09:38:05: server running at http://localhost:3000  test
2020-02-21 09:38:05: 工作进程 19632 已启动
2020-02-21 09:38:05: init sequelize...
2020-02-21 09:38:05: mysql:pamonitor;host:localhost;port:3306
2020-02-21 09:38:05: server running at http://localhost:3000  test
2020-02-21 09:38:05: 工作进程 14140 已启动
2020-02-21 09:38:05: Executing (default): SELECT 1+1 AS result
2020-02-21 09:38:05: Connection has been established successfully.
2020-02-21 09:38:05: Executing (default): SELECT 1+1 AS result
2020-02-21 09:38:05: Connection has been established successfully.
2020-02-21 09:38:05: AccessLog path: D:\H5\project_demo_my\performanceMonitor\nodeBE-mysql\logs
2020-02-21 09:38:05: init sequelize...
2020-02-21 09:38:05: mysql:pamonitor;host:localhost;port:3306
2020-02-21 09:38:06: server running at http://localhost:3000  test
2020-02-21 09:38:06: 工作进程 3340 已启动
2020-02-21 09:38:06: AccessLog path: D:\H5\project_demo_my\performanceMonitor\nodeBE-mysql\logs
2020-02-21 09:38:06: Executing (default): SELECT 1+1 AS result
2020-02-21 09:38:06: Connection has been established successfully.
2020-02-21 09:38:05: init sequelize...
2020-02-21 09:38:05: mysql:pamonitor;host:localhost;port:3306
2020-02-21 09:38:06: server running at http://localhost:3000  test
2020-02-21 09:38:06: 工作进程 21068 已启动
2020-02-21 09:38:06: Executing (default): SELECT 1+1 AS result
2020-02-21 09:38:06: Connection has been established successfully.
2020-02-21 09:38:05: init sequelize...
2020-02-21 09:38:05: mysql:pamonitor;host:localhost;port:3306
2020-02-21 09:38:06: server running at http://localhost:3000  test
2020-02-21 09:38:06: 工作进程 18672 已启动
2020-02-21 09:38:06: Executing (default): SELECT 1+1 AS result
2020-02-21 09:38:06: Connection has been established successfully.
2020-02-21 09:38:06: AccessLog path: D:\H5\project_demo_my\performanceMonitor\nodeBE-mysql\logs
2020-02-21 09:38:06: AccessLog path: D:\H5\project_demo_my\performanceMonitor\nodeBE-mysql\logs
2020-02-21 09:38:06: init sequelize...
2020-02-21 09:38:06: mysql:pamonitor;host:localhost;port:3306
2020-02-21 09:38:06: server running at http://localhost:3000  test
2020-02-21 09:38:06: 工作进程 19708 已启动
2020-02-21 09:38:06: Executing (default): SELECT 1+1 AS result
2020-02-21 09:38:06: Connection has been established successfully.
2020-02-21 09:38:06: init sequelize...
2020-02-21 09:38:06: mysql:pamonitor;host:localhost;port:3306
2020-02-21 09:38:06: server running at http://localhost:3000  test
2020-02-21 09:38:06: 工作进程 5036 已启动
2020-02-21 09:38:06: Executing (default): SELECT 1+1 AS result
2020-02-21 09:38:06: Connection has been established successfully.
2020-02-21 09:38:06: init sequelize...
2020-02-21 09:38:06: mysql:pamonitor;host:localhost;port:3306
2020-02-21 09:38:06: server running at http://localhost:3000  test
2020-02-21 09:38:06: 工作进程 16740 已启动
2020-02-21 09:38:06: Executing (default): SELECT 1+1 AS result
2020-02-21 09:38:06: Connection has been established successfully.
2020-02-21 09:38:06: init sequelize...
2020-02-21 09:38:06: mysql:pamonitor;host:localhost;port:3306
2020-02-21 09:38:06: server running at http://localhost:3000  test
2020-02-21 09:38:06: 工作进程 21124 已启动
2020-02-21 09:38:06: Executing (default): SELECT 1+1 AS result
2020-02-21 09:38:06: Connection has been established successfully.
2020-02-21 09:38:16: AccessLog path: D:\H5\project_demo_my\performanceMonitor\nodeBE-mysql\logs
2020-02-21 09:38:16: AccessLog path: D:\H5\project_demo_my\performanceMonitor\nodeBE-mysql\logs
2020-02-21 09:38:16: AccessLog path: D:\H5\project_demo_my\performanceMonitor\nodeBE-mysql\logs
2020-02-21 09:38:16: AccessLog path: D:\H5\project_demo_my\performanceMonitor\nodeBE-mysql\logs
2020-02-21 09:38:16: AccessLog path: D:\H5\project_demo_my\performanceMonitor\nodeBE-mysql\logs
2020-02-21 09:38:16: AccessLog path: D:\H5\project_demo_my\performanceMonitor\nodeBE-mysql\logs
2020-02-21 09:38:16: init sequelize...
2020-02-21 09:38:16: mysql:pamonitor;host:localhost;port:3306
2020-02-21 09:38:16: server running at http://localhost:3000  test
2020-02-21 09:38:16: 工作进程 13796 已启动
2020-02-21 09:38:16: Executing (default): SELECT 1+1 AS result
2020-02-21 09:38:16: Connection has been established successfully.
2020-02-21 09:38:16: init sequelize...
2020-02-21 09:38:16: mysql:pamonitor;host:localhost;port:3306
2020-02-21 09:38:16: server running at http://localhost:3000  test
2020-02-21 09:38:16: 工作进程 16176 已启动
2020-02-21 09:38:16: Executing (default): SELECT 1+1 AS result
2020-02-21 09:38:16: Connection has been established successfully.
2020-02-21 09:38:16: init sequelize...
2020-02-21 09:38:16: mysql:pamonitor;host:localhost;port:3306
2020-02-21 09:38:16: server running at http://localhost:3000  test
2020-02-21 09:38:16: 工作进程 4164 已启动
2020-02-21 09:38:16: Executing (default): SELECT 1+1 AS result
2020-02-21 09:38:16: Connection has been established successfully.
2020-02-21 09:38:16: init sequelize...
2020-02-21 09:38:16: mysql:pamonitor;host:localhost;port:3306
2020-02-21 09:38:16: server running at http://localhost:3000  test
2020-02-21 09:38:16: 工作进程 1148 已启动
2020-02-21 09:38:16: Executing (default): SELECT 1+1 AS result
2020-02-21 09:38:16: Connection has been established successfully.
2020-02-21 09:38:16: init sequelize...
2020-02-21 09:38:16: mysql:pamonitor;host:localhost;port:3306
2020-02-21 09:38:16: server running at http://localhost:3000  test
2020-02-21 09:38:16: 工作进程 7012 已启动
2020-02-21 09:38:17: Executing (default): SELECT 1+1 AS result
2020-02-21 09:38:17: Connection has been established successfully.
2020-02-21 09:38:16: init sequelize...
2020-02-21 09:38:16: mysql:pamonitor;host:localhost;port:3306
2020-02-21 09:38:17: server running at http://localhost:3000  test
2020-02-21 09:38:17: 工作进程 6968 已启动
2020-02-21 09:38:17: Executing (default): SELECT 1+1 AS result
2020-02-21 09:38:17: Connection has been established successfully.
2020-02-21 09:38:23: AccessLog path: D:\H5\project_demo_my\performanceMonitor\nodeBE-mysql\logs
2020-02-21 09:38:23: init sequelize...
2020-02-21 09:38:23: mysql:pamonitor;host:localhost;port:3306
2020-02-21 09:38:23: server running at http://localhost:3000  test
2020-02-21 09:38:23: 工作进程 14976 已启动
2020-02-21 09:38:23: Executing (default): SELECT 1+1 AS result
2020-02-21 09:38:23: Connection has been established successfully.
2020-02-21 09:38:25: AccessLog path: D:\H5\project_demo_my\performanceMonitor\nodeBE-mysql\logs
2020-02-21 09:38:25: AccessLog path: D:\H5\project_demo_my\performanceMonitor\nodeBE-mysql\logs
2020-02-21 09:38:26: AccessLog path: D:\H5\project_demo_my\performanceMonitor\nodeBE-mysql\logs
2020-02-21 09:38:26: AccessLog path: D:\H5\project_demo_my\performanceMonitor\nodeBE-mysql\logs
2020-02-21 09:38:26: init sequelize...
2020-02-21 09:38:26: mysql:pamonitor;host:localhost;port:3306
2020-02-21 09:38:26: server running at http://localhost:3000  test
2020-02-21 09:38:26: 工作进程 5196 已启动
2020-02-21 09:38:26: init sequelize...
2020-02-21 09:38:26: mysql:pamonitor;host:localhost;port:3306
2020-02-21 09:38:26: server running at http://localhost:3000  test
2020-02-21 09:38:26: 工作进程 2204 已启动
2020-02-21 09:38:26: Executing (default): SELECT 1+1 AS result
2020-02-21 09:38:26: Connection has been established successfully.
2020-02-21 09:38:26: Executing (default): SELECT 1+1 AS result
2020-02-21 09:38:26: Connection has been established successfully.
2020-02-21 09:38:26: AccessLog path: D:\H5\project_demo_my\performanceMonitor\nodeBE-mysql\logs
2020-02-21 09:38:26: AccessLog path: D:\H5\project_demo_my\performanceMonitor\nodeBE-mysql\logs
2020-02-21 09:38:26: init sequelize...
2020-02-21 09:38:26: mysql:pamonitor;host:localhost;port:3306
2020-02-21 09:38:27: server running at http://localhost:3000  test
2020-02-21 09:38:27: 工作进程 4340 已启动
2020-02-21 09:38:26: init sequelize...
2020-02-21 09:38:26: mysql:pamonitor;host:localhost;port:3306
2020-02-21 09:38:27: server running at http://localhost:3000  test
2020-02-21 09:38:27: 工作进程 18560 已启动
2020-02-21 09:38:27: Executing (default): SELECT 1+1 AS result
2020-02-21 09:38:27: Connection has been established successfully.
2020-02-21 09:38:27: Executing (default): SELECT 1+1 AS result
2020-02-21 09:38:27: Connection has been established successfully.
2020-02-21 09:38:27: AccessLog path: D:\H5\project_demo_my\performanceMonitor\nodeBE-mysql\logs
2020-02-21 09:38:27: AccessLog path: D:\H5\project_demo_my\performanceMonitor\nodeBE-mysql\logs
2020-02-21 09:38:27: init sequelize...
2020-02-21 09:38:27: mysql:pamonitor;host:localhost;port:3306
2020-02-21 09:38:27: server running at http://localhost:3000  test
2020-02-21 09:38:27: 工作进程 19156 已启动
2020-02-21 09:38:27: Executing (default): SELECT 1+1 AS result
2020-02-21 09:38:27: init sequelize...
2020-02-21 09:38:27: Connection has been established successfully.
2020-02-21 09:38:27: mysql:pamonitor;host:localhost;port:3306
2020-02-21 09:38:27: server running at http://localhost:3000  test
2020-02-21 09:38:27: 工作进程 18980 已启动
2020-02-21 09:38:27: Executing (default): SELECT 1+1 AS result
2020-02-21 09:38:27: Connection has been established successfully.
2020-02-21 09:38:27: init sequelize...
2020-02-21 09:38:27: mysql:pamonitor;host:localhost;port:3306
2020-02-21 09:38:27: server running at http://localhost:3000  test
2020-02-21 09:38:27: 工作进程 4384 已启动
2020-02-21 09:38:27: Executing (default): SELECT 1+1 AS result
2020-02-21 09:38:27: Connection has been established successfully.
2020-02-21 09:38:27: init sequelize...
2020-02-21 09:38:27: mysql:pamonitor;host:localhost;port:3306
2020-02-21 09:38:27: server running at http://localhost:3000  test
2020-02-21 09:38:27: 工作进程 20776 已启动
2020-02-21 09:38:27: Executing (default): SELECT 1+1 AS result
2020-02-21 09:38:27: Connection has been established successfully.
2020-02-21 09:38:35: AccessLog path: D:\H5\project_demo_my\performanceMonitor\nodeBE-mysql\logs
2020-02-21 09:38:35: init sequelize...
2020-02-21 09:38:35: mysql:pamonitor;host:localhost;port:3306
2020-02-21 09:38:35: server running at http://localhost:3000  test
2020-02-21 09:38:35: 工作进程 11724 已启动
2020-02-21 09:38:35: Executing (default): SELECT 1+1 AS result
2020-02-21 09:38:35: Connection has been established successfully.
2020-02-21 09:38:46: AccessLog path: D:\H5\project_demo_my\performanceMonitor\nodeBE-mysql\logs
2020-02-21 09:38:46: init sequelize...
2020-02-21 09:38:46: mysql:pamonitor;host:localhost;port:3306
2020-02-21 09:38:47: server running at http://localhost:3000  test
2020-02-21 09:38:47: 工作进程 13116 已启动
2020-02-21 09:38:47: Executing (default): SELECT 1+1 AS result
2020-02-21 09:38:47: Connection has been established successfully.
2020-02-21 09:38:59: AccessLog path: D:\H5\project_demo_my\performanceMonitor\nodeBE-mysql\logs
2020-02-21 09:39:00: init sequelize...
2020-02-21 09:39:00: mysql:pamonitor;host:localhost;port:3306
2020-02-21 09:39:00: server running at http://localhost:3000  test
2020-02-21 09:39:00: 工作进程 21128 已启动
2020-02-21 09:39:00: Executing (default): SELECT 1+1 AS result
2020-02-21 09:39:00: Connection has been established successfully.
2020-02-21 09:39:10: AccessLog path: D:\H5\project_demo_my\performanceMonitor\nodeBE-mysql\logs
2020-02-21 09:39:11: init sequelize...
2020-02-21 09:39:11: mysql:pamonitor;host:localhost;port:3306
2020-02-21 09:39:12: server running at http://localhost:3000  test
2020-02-21 09:39:12: 工作进程 876 已启动
2020-02-21 09:39:12: Executing (default): SELECT 1+1 AS result
2020-02-21 09:39:12: Connection has been established successfully.
2020-02-21 09:39:22: AccessLog path: D:\H5\project_demo_my\performanceMonitor\nodeBE-mysql\logs
2020-02-21 09:39:23: init sequelize...
2020-02-21 09:39:23: mysql:pamonitor;host:localhost;port:3306
2020-02-21 09:39:23: server running at http://localhost:3000  test
2020-02-21 09:39:23: 工作进程 11964 已启动
2020-02-21 09:39:23: Executing (default): SELECT 1+1 AS result
2020-02-21 09:39:23: Connection has been established successfully.
2020-02-21 09:39:56: AccessLog path: D:\H5\project_demo_my\performanceMonitor\nodeBE-mysql\logs
2020-02-21 09:39:56: init sequelize...
2020-02-21 09:39:56: mysql:pamonitor;host:localhost;port:3306
2020-02-21 09:39:57: server running at http://localhost:3000  test
2020-02-21 09:39:57: 工作进程 12224 已启动
2020-02-21 09:39:57: Executing (default): SELECT 1+1 AS result
2020-02-21 09:39:57: Connection has been established successfully.
2020-02-21 09:40:07: AccessLog path: D:\H5\project_demo_my\performanceMonitor\nodeBE-mysql\logs
2020-02-21 09:40:08: init sequelize...
2020-02-21 09:40:08: mysql:pamonitor;host:localhost;port:3306
2020-02-21 09:40:08: server running at http://localhost:3000  test
2020-02-21 09:40:08: 工作进程 2220 已启动
2020-02-21 09:40:08: Executing (default): SELECT 1+1 AS result
2020-02-21 09:40:08: Connection has been established successfully.
2020-02-21 09:40:19: AccessLog path: D:\H5\project_demo_my\performanceMonitor\nodeBE-mysql\logs
2020-02-21 09:40:19: init sequelize...
2020-02-21 09:40:19: mysql:pamonitor;host:localhost;port:3306
2020-02-21 09:40:19: server running at http://localhost:3000  test
2020-02-21 09:40:19: 工作进程 12480 已启动
2020-02-21 09:40:20: Executing (default): SELECT 1+1 AS result
2020-02-21 09:40:20: Connection has been established successfully.
2020-02-21 09:40:30: AccessLog path: D:\H5\project_demo_my\performanceMonitor\nodeBE-mysql\logs
2020-02-21 09:40:31: init sequelize...
2020-02-21 09:40:31: mysql:pamonitor;host:localhost;port:3306
2020-02-21 09:40:32: server running at http://localhost:3000  test
2020-02-21 09:40:32: 工作进程 19044 已启动
2020-02-21 09:40:32: Executing (default): SELECT 1+1 AS result
2020-02-21 09:40:32: Connection has been established successfully.
2020-02-21 09:40:41: AccessLog path: D:\H5\project_demo_my\performanceMonitor\nodeBE-mysql\logs
2020-02-21 09:40:42: init sequelize...
2020-02-21 09:40:42: mysql:pamonitor;host:localhost;port:3306
2020-02-21 09:40:42: server running at http://localhost:3000  test
2020-02-21 09:40:42: 工作进程 2540 已启动
2020-02-21 09:40:42: Executing (default): SELECT 1+1 AS result
2020-02-21 09:40:42: Connection has been established successfully.
2020-02-21 09:40:54: AccessLog path: D:\H5\project_demo_my\performanceMonitor\nodeBE-mysql\logs
2020-02-21 09:40:54: init sequelize...
2020-02-21 09:40:54: mysql:pamonitor;host:localhost;port:3306
2020-02-21 09:40:55: server running at http://localhost:3000  test
2020-02-21 09:40:55: 工作进程 21388 已启动
2020-02-21 09:40:55: Executing (default): SELECT 1+1 AS result
2020-02-21 09:40:55: Connection has been established successfully.
2020-02-21 09:41:05: AccessLog path: D:\H5\project_demo_my\performanceMonitor\nodeBE-mysql\logs
2020-02-21 09:41:05: init sequelize...
2020-02-21 09:41:05: mysql:pamonitor;host:localhost;port:3306
2020-02-21 09:41:06: server running at http://localhost:3000  test
2020-02-21 09:41:06: 工作进程 2052 已启动
2020-02-21 09:41:06: Executing (default): SELECT 1+1 AS result
2020-02-21 09:41:06: Connection has been established successfully.
2020-02-21 09:41:16: AccessLog path: D:\H5\project_demo_my\performanceMonitor\nodeBE-mysql\logs
2020-02-21 09:41:17: init sequelize...
2020-02-21 09:41:17: mysql:pamonitor;host:localhost;port:3306
2020-02-21 09:41:17: server running at http://localhost:3000  test
2020-02-21 09:41:17: 工作进程 20948 已启动
2020-02-21 09:41:18: Executing (default): SELECT 1+1 AS result
2020-02-21 09:41:18: Connection has been established successfully.
2020-02-21 09:41:55: AccessLog path: D:\H5\project_demo_my\performanceMonitor\nodeBE-mysql\logs
2020-02-21 09:41:55: init sequelize...
2020-02-21 09:41:55: mysql:pamonitor;host:localhost;port:3306
2020-02-21 09:41:56: server running at http://localhost:3000  test
2020-02-21 09:41:56: 工作进程 4884 已启动
2020-02-21 09:41:56: Executing (default): SELECT 1+1 AS result
2020-02-21 09:41:56: Connection has been established successfully.
2020-02-21 09:42:06: AccessLog path: D:\H5\project_demo_my\performanceMonitor\nodeBE-mysql\logs
2020-02-21 09:42:07: init sequelize...
2020-02-21 09:42:07: mysql:pamonitor;host:localhost;port:3306
2020-02-21 09:42:08: server running at http://localhost:3000  test
2020-02-21 09:42:08: 工作进程 19208 已启动
2020-02-21 09:42:08: Executing (default): SELECT 1+1 AS result
2020-02-21 09:42:08: Connection has been established successfully.
2020-02-21 09:42:19: AccessLog path: D:\H5\project_demo_my\performanceMonitor\nodeBE-mysql\logs
2020-02-21 09:42:19: init sequelize...
2020-02-21 09:42:19: mysql:pamonitor;host:localhost;port:3306
2020-02-21 09:42:20: server running at http://localhost:3000  test
2020-02-21 09:42:20: 工作进程 7020 已启动
2020-02-21 09:42:20: Executing (default): SELECT 1+1 AS result
2020-02-21 09:42:20: Connection has been established successfully.
2020-02-21 09:42:31: AccessLog path: D:\H5\project_demo_my\performanceMonitor\nodeBE-mysql\logs
2020-02-21 09:42:31: init sequelize...
2020-02-21 09:42:31: mysql:pamonitor;host:localhost;port:3306
2020-02-21 09:42:32: server running at http://localhost:3000  test
2020-02-21 09:42:32: 工作进程 14508 已启动
2020-02-21 09:42:32: Executing (default): SELECT 1+1 AS result
2020-02-21 09:42:32: Connection has been established successfully.
2020-02-21 09:42:42: AccessLog path: D:\H5\project_demo_my\performanceMonitor\nodeBE-mysql\logs
2020-02-21 09:42:43: init sequelize...
2020-02-21 09:42:43: mysql:pamonitor;host:localhost;port:3306
2020-02-21 09:42:44: server running at http://localhost:3000  test
2020-02-21 09:42:44: 工作进程 6968 已启动
2020-02-21 09:42:44: Executing (default): SELECT 1+1 AS result
2020-02-21 09:42:44: Connection has been established successfully.
2020-02-21 09:42:54: AccessLog path: D:\H5\project_demo_my\performanceMonitor\nodeBE-mysql\logs
2020-02-21 09:42:55: init sequelize...
2020-02-21 09:42:55: mysql:pamonitor;host:localhost;port:3306
2020-02-21 09:42:55: server running at http://localhost:3000  test
2020-02-21 09:42:55: 工作进程 12136 已启动
2020-02-21 09:42:55: Executing (default): SELECT 1+1 AS result
2020-02-21 09:42:55: Connection has been established successfully.
2020-02-21 09:43:06: AccessLog path: D:\H5\project_demo_my\performanceMonitor\nodeBE-mysql\logs
2020-02-21 09:43:06: init sequelize...
2020-02-21 09:43:06: mysql:pamonitor;host:localhost;port:3306
2020-02-21 09:43:07: server running at http://localhost:3000  test
2020-02-21 09:43:07: 工作进程 15936 已启动
2020-02-21 09:43:07: Executing (default): SELECT 1+1 AS result
2020-02-21 09:43:07: Connection has been established successfully.
2020-02-21 09:43:18: AccessLog path: D:\H5\project_demo_my\performanceMonitor\nodeBE-mysql\logs
2020-02-21 09:43:19: init sequelize...
2020-02-21 09:43:19: mysql:pamonitor;host:localhost;port:3306
2020-02-21 09:43:19: server running at http://localhost:3000  test
2020-02-21 09:43:19: 工作进程 16788 已启动
2020-02-21 09:43:19: Executing (default): SELECT 1+1 AS result
2020-02-21 09:43:19: Connection has been established successfully.
2020-02-21 09:43:55: AccessLog path: D:\H5\project_demo_my\performanceMonitor\nodeBE-mysql\logs
2020-02-21 09:43:56: init sequelize...
2020-02-21 09:43:56: mysql:pamonitor;host:localhost;port:3306
2020-02-21 09:43:56: server running at http://localhost:3000  test
2020-02-21 09:43:56: 工作进程 956 已启动
2020-02-21 09:43:56: Executing (default): SELECT 1+1 AS result
2020-02-21 09:43:56: Connection has been established successfully.
2020-02-21 09:44:07: AccessLog path: D:\H5\project_demo_my\performanceMonitor\nodeBE-mysql\logs
2020-02-21 09:44:08: init sequelize...
2020-02-21 09:44:08: mysql:pamonitor;host:localhost;port:3306
2020-02-21 09:44:09: server running at http://localhost:3000  test
2020-02-21 09:44:09: 工作进程 16332 已启动
2020-02-21 09:44:09: Executing (default): SELECT 1+1 AS result
2020-02-21 09:44:09: Connection has been established successfully.
2020-02-21 09:44:18: AccessLog path: D:\H5\project_demo_my\performanceMonitor\nodeBE-mysql\logs
2020-02-21 09:44:19: init sequelize...
2020-02-21 09:44:19: mysql:pamonitor;host:localhost;port:3306
2020-02-21 09:44:19: server running at http://localhost:3000  test
2020-02-21 09:44:19: 工作进程 19444 已启动
2020-02-21 09:44:19: Executing (default): SELECT 1+1 AS result
2020-02-21 09:44:19: Connection has been established successfully.
2020-02-21 09:44:31: AccessLog path: D:\H5\project_demo_my\performanceMonitor\nodeBE-mysql\logs
2020-02-21 09:44:31: init sequelize...
2020-02-21 09:44:31: mysql:pamonitor;host:localhost;port:3306
2020-02-21 09:44:32: server running at http://localhost:3000  test
2020-02-21 09:44:32: 工作进程 3812 已启动
2020-02-21 09:44:32: Executing (default): SELECT 1+1 AS result
2020-02-21 09:44:32: Connection has been established successfully.
2020-02-21 09:44:42: AccessLog path: D:\H5\project_demo_my\performanceMonitor\nodeBE-mysql\logs
2020-02-21 09:44:42: init sequelize...
2020-02-21 09:44:42: mysql:pamonitor;host:localhost;port:3306
2020-02-21 09:44:42: server running at http://localhost:3000  test
2020-02-21 09:44:42: 工作进程 17948 已启动
2020-02-21 09:44:42: Executing (default): SELECT 1+1 AS result
2020-02-21 09:44:42: Connection has been established successfully.
2020-02-21 09:44:54: AccessLog path: D:\H5\project_demo_my\performanceMonitor\nodeBE-mysql\logs
2020-02-21 09:44:55: init sequelize...
2020-02-21 09:44:55: mysql:pamonitor;host:localhost;port:3306
2020-02-21 09:44:55: server running at http://localhost:3000  test
2020-02-21 09:44:55: 工作进程 19172 已启动
2020-02-21 09:44:55: Executing (default): SELECT 1+1 AS result
2020-02-21 09:44:55: Connection has been established successfully.
2020-02-21 09:45:06: AccessLog path: D:\H5\project_demo_my\performanceMonitor\nodeBE-mysql\logs
2020-02-21 09:45:06: init sequelize...
2020-02-21 09:45:06: mysql:pamonitor;host:localhost;port:3306
2020-02-21 09:45:07: server running at http://localhost:3000  test
2020-02-21 09:45:07: 工作进程 2692 已启动
2020-02-21 09:45:07: Executing (default): SELECT 1+1 AS result
2020-02-21 09:45:07: Connection has been established successfully.
2020-02-21 09:45:17: AccessLog path: D:\H5\project_demo_my\performanceMonitor\nodeBE-mysql\logs
2020-02-21 09:45:18: init sequelize...
2020-02-21 09:45:18: mysql:pamonitor;host:localhost;port:3306
2020-02-21 09:45:19: server running at http://localhost:3000  test
2020-02-21 09:45:19: 工作进程 15092 已启动
2020-02-21 09:45:19: Executing (default): SELECT 1+1 AS result
2020-02-21 09:45:19: Connection has been established successfully.
2020-02-21 09:45:55: AccessLog path: D:\H5\project_demo_my\performanceMonitor\nodeBE-mysql\logs
2020-02-21 09:45:56: init sequelize...
2020-02-21 09:45:56: mysql:pamonitor;host:localhost;port:3306
2020-02-21 09:45:57: server running at http://localhost:3000  test
2020-02-21 09:45:57: 工作进程 5008 已启动
2020-02-21 09:45:57: Executing (default): SELECT 1+1 AS result
2020-02-21 09:45:57: Connection has been established successfully.
2020-02-21 09:46:08: AccessLog path: D:\H5\project_demo_my\performanceMonitor\nodeBE-mysql\logs
2020-02-21 09:46:09: init sequelize...
2020-02-21 09:46:09: mysql:pamonitor;host:localhost;port:3306
2020-02-21 09:46:09: server running at http://localhost:3000  test
2020-02-21 09:46:09: 工作进程 11644 已启动
2020-02-21 09:46:09: Executing (default): SELECT 1+1 AS result
2020-02-21 09:46:09: Connection has been established successfully.
2020-02-21 09:46:19: AccessLog path: D:\H5\project_demo_my\performanceMonitor\nodeBE-mysql\logs
2020-02-21 09:46:20: init sequelize...
2020-02-21 09:46:20: mysql:pamonitor;host:localhost;port:3306
2020-02-21 09:46:21: server running at http://localhost:3000  test
2020-02-21 09:46:21: 工作进程 17360 已启动
2020-02-21 09:46:21: Executing (default): SELECT 1+1 AS result
2020-02-21 09:46:21: Connection has been established successfully.
2020-02-21 09:46:31: AccessLog path: D:\H5\project_demo_my\performanceMonitor\nodeBE-mysql\logs
2020-02-21 09:46:32: init sequelize...
2020-02-21 09:46:32: mysql:pamonitor;host:localhost;port:3306
2020-02-21 09:46:32: server running at http://localhost:3000  test
2020-02-21 09:46:32: 工作进程 20588 已启动
2020-02-21 09:46:32: Executing (default): SELECT 1+1 AS result
2020-02-21 09:46:32: Connection has been established successfully.
2020-02-21 09:46:42: AccessLog path: D:\H5\project_demo_my\performanceMonitor\nodeBE-mysql\logs
2020-02-21 09:46:43: init sequelize...
2020-02-21 09:46:43: mysql:pamonitor;host:localhost;port:3306
2020-02-21 09:46:43: server running at http://localhost:3000  test
2020-02-21 09:46:43: 工作进程 5744 已启动
2020-02-21 09:46:44: Executing (default): SELECT 1+1 AS result
2020-02-21 09:46:44: Connection has been established successfully.
2020-02-21 09:46:53: AccessLog path: D:\H5\project_demo_my\performanceMonitor\nodeBE-mysql\logs
2020-02-21 09:46:54: init sequelize...
2020-02-21 09:46:54: mysql:pamonitor;host:localhost;port:3306
2020-02-21 09:46:54: server running at http://localhost:3000  test
2020-02-21 09:46:54: 工作进程 144 已启动
2020-02-21 09:46:55: Executing (default): SELECT 1+1 AS result
2020-02-21 09:46:55: Connection has been established successfully.
2020-02-21 09:47:06: AccessLog path: D:\H5\project_demo_my\performanceMonitor\nodeBE-mysql\logs
2020-02-21 09:47:06: init sequelize...
2020-02-21 09:47:06: mysql:pamonitor;host:localhost;port:3306
2020-02-21 09:47:07: server running at http://localhost:3000  test
2020-02-21 09:47:07: 工作进程 5636 已启动
2020-02-21 09:47:07: Executing (default): SELECT 1+1 AS result
2020-02-21 09:47:07: Connection has been established successfully.
2020-02-21 09:47:17: AccessLog path: D:\H5\project_demo_my\performanceMonitor\nodeBE-mysql\logs
2020-02-21 09:47:18: init sequelize...
2020-02-21 09:47:18: mysql:pamonitor;host:localhost;port:3306
2020-02-21 09:47:19: server running at http://localhost:3000  test
2020-02-21 09:47:19: 工作进程 2356 已启动
2020-02-21 09:47:19: Executing (default): SELECT 1+1 AS result
2020-02-21 09:47:19: Connection has been established successfully.
2020-02-21 09:47:55: AccessLog path: D:\H5\project_demo_my\performanceMonitor\nodeBE-mysql\logs
2020-02-21 09:47:56: init sequelize...
2020-02-21 09:47:56: mysql:pamonitor;host:localhost;port:3306
2020-02-21 09:47:57: server running at http://localhost:3000  test
2020-02-21 09:47:57: 工作进程 19264 已启动
2020-02-21 09:47:57: Executing (default): SELECT 1+1 AS result
2020-02-21 09:47:57: Connection has been established successfully.
2020-02-21 09:48:06: AccessLog path: D:\H5\project_demo_my\performanceMonitor\nodeBE-mysql\logs
2020-02-21 09:48:07: init sequelize...
2020-02-21 09:48:07: mysql:pamonitor;host:localhost;port:3306
2020-02-21 09:48:08: server running at http://localhost:3000  test
2020-02-21 09:48:08: 工作进程 1236 已启动
2020-02-21 09:48:08: Executing (default): SELECT 1+1 AS result
2020-02-21 09:48:08: Connection has been established successfully.
2020-02-21 09:48:19: AccessLog path: D:\H5\project_demo_my\performanceMonitor\nodeBE-mysql\logs
2020-02-21 09:48:19: init sequelize...
2020-02-21 09:48:19: mysql:pamonitor;host:localhost;port:3306
2020-02-21 09:48:20: server running at http://localhost:3000  test
2020-02-21 09:48:20: 工作进程 5200 已启动
2020-02-21 09:48:20: Executing (default): SELECT 1+1 AS result
2020-02-21 09:48:20: Connection has been established successfully.
2020-02-21 09:48:30: AccessLog path: D:\H5\project_demo_my\performanceMonitor\nodeBE-mysql\logs
2020-02-21 09:48:31: init sequelize...
2020-02-21 09:48:31: mysql:pamonitor;host:localhost;port:3306
2020-02-21 09:48:31: server running at http://localhost:3000  test
2020-02-21 09:48:31: 工作进程 5448 已启动
2020-02-21 09:48:31: Executing (default): SELECT 1+1 AS result
2020-02-21 09:48:32: Connection has been established successfully.
2020-02-21 09:48:42: AccessLog path: D:\H5\project_demo_my\performanceMonitor\nodeBE-mysql\logs
2020-02-21 09:48:43: init sequelize...
2020-02-21 09:48:43: mysql:pamonitor;host:localhost;port:3306
2020-02-21 09:48:43: server running at http://localhost:3000  test
2020-02-21 09:48:43: 工作进程 21440 已启动
2020-02-21 09:48:43: Executing (default): SELECT 1+1 AS result
2020-02-21 09:48:43: Connection has been established successfully.
2020-02-21 09:48:54: AccessLog path: D:\H5\project_demo_my\performanceMonitor\nodeBE-mysql\logs
2020-02-21 09:48:55: init sequelize...
2020-02-21 09:48:55: mysql:pamonitor;host:localhost;port:3306
2020-02-21 09:48:56: server running at http://localhost:3000  test
2020-02-21 09:48:56: 工作进程 21180 已启动
2020-02-21 09:48:56: Executing (default): SELECT 1+1 AS result
2020-02-21 09:48:56: Connection has been established successfully.
2020-02-21 09:49:05: AccessLog path: D:\H5\project_demo_my\performanceMonitor\nodeBE-mysql\logs
2020-02-21 09:49:06: init sequelize...
2020-02-21 09:49:06: mysql:pamonitor;host:localhost;port:3306
2020-02-21 09:49:07: server running at http://localhost:3000  test
2020-02-21 09:49:07: 工作进程 12708 已启动
2020-02-21 09:49:07: Executing (default): SELECT 1+1 AS result
2020-02-21 09:49:07: Connection has been established successfully.
2020-02-21 09:49:17: AccessLog path: D:\H5\project_demo_my\performanceMonitor\nodeBE-mysql\logs
2020-02-21 09:49:17: init sequelize...
2020-02-21 09:49:17: mysql:pamonitor;host:localhost;port:3306
2020-02-21 09:49:18: server running at http://localhost:3000  test
2020-02-21 09:49:18: 工作进程 17724 已启动
2020-02-21 09:49:18: Executing (default): SELECT 1+1 AS result
2020-02-21 09:49:18: Connection has been established successfully.
2020-02-21 09:49:55: AccessLog path: D:\H5\project_demo_my\performanceMonitor\nodeBE-mysql\logs
2020-02-21 09:49:56: init sequelize...
2020-02-21 09:49:56: mysql:pamonitor;host:localhost;port:3306
2020-02-21 09:49:56: server running at http://localhost:3000  test
2020-02-21 09:49:56: 工作进程 12360 已启动
2020-02-21 09:49:56: Executing (default): SELECT 1+1 AS result
2020-02-21 09:49:56: Connection has been established successfully.
2020-02-21 09:50:06: AccessLog path: D:\H5\project_demo_my\performanceMonitor\nodeBE-mysql\logs
2020-02-21 09:50:07: init sequelize...
2020-02-21 09:50:07: mysql:pamonitor;host:localhost;port:3306
2020-02-21 09:50:08: server running at http://localhost:3000  test
2020-02-21 09:50:08: 工作进程 1032 已启动
2020-02-21 09:50:08: Executing (default): SELECT 1+1 AS result
2020-02-21 09:50:08: Connection has been established successfully.
2020-02-21 09:50:17: AccessLog path: D:\H5\project_demo_my\performanceMonitor\nodeBE-mysql\logs
2020-02-21 09:50:17: init sequelize...
2020-02-21 09:50:17: mysql:pamonitor;host:localhost;port:3306
2020-02-21 09:50:18: server running at http://localhost:3000  test
2020-02-21 09:50:18: 工作进程 14268 已启动
2020-02-21 09:50:18: Executing (default): SELECT 1+1 AS result
2020-02-21 09:50:18: Connection has been established successfully.
2020-02-21 09:50:29: AccessLog path: D:\H5\project_demo_my\performanceMonitor\nodeBE-mysql\logs
2020-02-21 09:50:33: AccessLog path: D:\H5\project_demo_my\performanceMonitor\nodeBE-mysql\logs
2020-02-21 09:50:34: init sequelize...
2020-02-21 09:50:34: mysql:pamonitor;host:localhost;port:3306
2020-02-21 09:50:35: server running at http://localhost:3000  test
2020-02-21 09:50:35: 工作进程 4120 已启动
2020-02-21 09:50:35: Executing (default): SELECT 1+1 AS result
2020-02-21 09:50:35: Connection has been established successfully.
2020-02-21 09:50:41: AccessLog path: D:\H5\project_demo_my\performanceMonitor\nodeBE-mysql\logs
2020-02-21 09:50:42: init sequelize...
2020-02-21 09:50:42: mysql:pamonitor;host:localhost;port:3306
2020-02-21 09:50:42: server running at http://localhost:3000  test
2020-02-21 09:50:42: 工作进程 20120 已启动
2020-02-21 09:50:42: Executing (default): SELECT 1+1 AS result
2020-02-21 09:50:42: Connection has been established successfully.
2020-02-21 09:50:53: AccessLog path: D:\H5\project_demo_my\performanceMonitor\nodeBE-mysql\logs
2020-02-21 09:50:57: AccessLog path: D:\H5\project_demo_my\performanceMonitor\nodeBE-mysql\logs
2020-02-21 09:51:01: AccessLog path: D:\H5\project_demo_my\performanceMonitor\nodeBE-mysql\logs
2020-02-21 09:51:01: init sequelize...
2020-02-21 09:51:01: mysql:pamonitor;host:localhost;port:3306
2020-02-21 09:51:02: server running at http://localhost:3000  test
2020-02-21 09:51:02: 工作进程 2304 已启动
2020-02-21 09:51:02: Executing (default): SELECT 1+1 AS result
2020-02-21 09:51:02: Connection has been established successfully.
2020-02-21 09:51:04: AccessLog path: D:\H5\project_demo_my\performanceMonitor\nodeBE-mysql\logs
2020-02-21 09:51:05: init sequelize...
2020-02-21 09:51:05: mysql:pamonitor;host:localhost;port:3306
2020-02-21 09:51:05: server running at http://localhost:3000  test
2020-02-21 09:51:05: 工作进程 12764 已启动
2020-02-21 09:51:06: Executing (default): SELECT 1+1 AS result
2020-02-21 09:51:06: Connection has been established successfully.
2020-02-21 09:51:16: AccessLog path: D:\H5\project_demo_my\performanceMonitor\nodeBE-mysql\logs
2020-02-21 09:51:17: init sequelize...
2020-02-21 09:51:17: mysql:pamonitor;host:localhost;port:3306
2020-02-21 09:51:18: server running at http://localhost:3000  test
2020-02-21 09:51:18: 工作进程 13096 已启动
2020-02-21 09:51:18: Executing (default): SELECT 1+1 AS result
2020-02-21 09:51:18: Connection has been established successfully.
2020-02-21 09:51:55: AccessLog path: D:\H5\project_demo_my\performanceMonitor\nodeBE-mysql\logs
2020-02-21 09:51:56: init sequelize...
2020-02-21 09:51:56: mysql:pamonitor;host:localhost;port:3306
2020-02-21 09:51:57: server running at http://localhost:3000  test
2020-02-21 09:51:57: 工作进程 17664 已启动
2020-02-21 09:51:57: Executing (default): SELECT 1+1 AS result
2020-02-21 09:51:57: Connection has been established successfully.
2020-02-21 09:52:06: AccessLog path: D:\H5\project_demo_my\performanceMonitor\nodeBE-mysql\logs
2020-02-21 09:52:07: init sequelize...
2020-02-21 09:52:07: mysql:pamonitor;host:localhost;port:3306
2020-02-21 09:52:08: server running at http://localhost:3000  test
2020-02-21 09:52:08: 工作进程 14060 已启动
2020-02-21 09:52:08: Executing (default): SELECT 1+1 AS result
2020-02-21 09:52:08: Connection has been established successfully.
2020-02-21 09:52:19: AccessLog path: D:\H5\project_demo_my\performanceMonitor\nodeBE-mysql\logs
2020-02-21 09:52:19: init sequelize...
2020-02-21 09:52:19: mysql:pamonitor;host:localhost;port:3306
2020-02-21 09:52:20: server running at http://localhost:3000  test
2020-02-21 09:52:20: 工作进程 18404 已启动
2020-02-21 09:52:20: Executing (default): SELECT 1+1 AS result
2020-02-21 09:52:20: Connection has been established successfully.
2020-02-21 09:52:30: AccessLog path: D:\H5\project_demo_my\performanceMonitor\nodeBE-mysql\logs
2020-02-21 09:52:31: init sequelize...
2020-02-21 09:52:31: mysql:pamonitor;host:localhost;port:3306
2020-02-21 09:52:32: server running at http://localhost:3000  test
2020-02-21 09:52:32: 工作进程 12744 已启动
2020-02-21 09:52:32: Executing (default): SELECT 1+1 AS result
2020-02-21 09:52:32: Connection has been established successfully.
2020-02-21 09:52:42: AccessLog path: D:\H5\project_demo_my\performanceMonitor\nodeBE-mysql\logs
2020-02-21 09:52:43: init sequelize...
2020-02-21 09:52:43: mysql:pamonitor;host:localhost;port:3306
2020-02-21 09:52:43: server running at http://localhost:3000  test
2020-02-21 09:52:43: 工作进程 20408 已启动
2020-02-21 09:52:43: Executing (default): SELECT 1+1 AS result
2020-02-21 09:52:43: Connection has been established successfully.
2020-02-21 09:52:53: AccessLog path: D:\H5\project_demo_my\performanceMonitor\nodeBE-mysql\logs
2020-02-21 09:52:54: init sequelize...
2020-02-21 09:52:54: mysql:pamonitor;host:localhost;port:3306
2020-02-21 09:52:55: server running at http://localhost:3000  test
2020-02-21 09:52:55: 工作进程 4284 已启动
2020-02-21 09:52:55: Executing (default): SELECT 1+1 AS result
2020-02-21 09:52:55: Connection has been established successfully.
2020-02-21 09:53:05: AccessLog path: D:\H5\project_demo_my\performanceMonitor\nodeBE-mysql\logs
2020-02-21 09:53:06: init sequelize...
2020-02-21 09:53:06: mysql:pamonitor;host:localhost;port:3306
2020-02-21 09:53:06: server running at http://localhost:3000  test
2020-02-21 09:53:06: 工作进程 13196 已启动
2020-02-21 09:53:06: Executing (default): SELECT 1+1 AS result
2020-02-21 09:53:06: Connection has been established successfully.
2020-02-21 09:53:16: AccessLog path: D:\H5\project_demo_my\performanceMonitor\nodeBE-mysql\logs
2020-02-21 09:53:16: init sequelize...
2020-02-21 09:53:16: mysql:pamonitor;host:localhost;port:3306
2020-02-21 09:53:17: server running at http://localhost:3000  test
2020-02-21 09:53:17: 工作进程 15724 已启动
2020-02-21 09:53:17: Executing (default): SELECT 1+1 AS result
2020-02-21 09:53:17: Connection has been established successfully.
2020-02-21 09:53:56: AccessLog path: D:\H5\project_demo_my\performanceMonitor\nodeBE-mysql\logs
2020-02-21 09:53:57: init sequelize...
2020-02-21 09:53:57: mysql:pamonitor;host:localhost;port:3306
2020-02-21 09:53:57: server running at http://localhost:3000  test
2020-02-21 09:53:57: 工作进程 20828 已启动
2020-02-21 09:53:57: Executing (default): SELECT 1+1 AS result
2020-02-21 09:53:57: Connection has been established successfully.
2020-02-21 09:54:07: AccessLog path: D:\H5\project_demo_my\performanceMonitor\nodeBE-mysql\logs
2020-02-21 09:54:08: init sequelize...
2020-02-21 09:54:08: mysql:pamonitor;host:localhost;port:3306
2020-02-21 09:54:08: server running at http://localhost:3000  test
2020-02-21 09:54:08: 工作进程 15712 已启动
2020-02-21 09:54:08: Executing (default): SELECT 1+1 AS result
2020-02-21 09:54:08: Connection has been established successfully.
2020-02-21 09:54:17: AccessLog path: D:\H5\project_demo_my\performanceMonitor\nodeBE-mysql\logs
2020-02-21 09:54:17: init sequelize...
2020-02-21 09:54:17: mysql:pamonitor;host:localhost;port:3306
2020-02-21 09:54:17: server running at http://localhost:3000  test
2020-02-21 09:54:17: 工作进程 11652 已启动
2020-02-21 09:54:17: Executing (default): SELECT 1+1 AS result
2020-02-21 09:54:17: Connection has been established successfully.
2020-02-21 09:54:26: AccessLog path: D:\H5\project_demo_my\performanceMonitor\nodeBE-mysql\logs
2020-02-21 09:54:26: AccessLog path: D:\H5\project_demo_my\performanceMonitor\nodeBE-mysql\logs
2020-02-21 09:54:27: AccessLog path: D:\H5\project_demo_my\performanceMonitor\nodeBE-mysql\logs
2020-02-21 09:54:27: AccessLog path: D:\H5\project_demo_my\performanceMonitor\nodeBE-mysql\logs
2020-02-21 09:54:27: init sequelize...
2020-02-21 09:54:27: mysql:pamonitor;host:localhost;port:3306
2020-02-21 09:54:27: server running at http://localhost:3000  test
2020-02-21 09:54:27: 工作进程 5084 已启动
2020-02-21 09:54:27: Executing (default): SELECT 1+1 AS result
2020-02-21 09:54:27: Connection has been established successfully.
2020-02-21 09:54:27: init sequelize...
2020-02-21 09:54:27: mysql:pamonitor;host:localhost;port:3306
2020-02-21 09:54:27: server running at http://localhost:3000  test
2020-02-21 09:54:27: 工作进程 3544 已启动
2020-02-21 09:54:27: Executing (default): SELECT 1+1 AS result
2020-02-21 09:54:27: Connection has been established successfully.
2020-02-21 09:54:28: AccessLog path: D:\H5\project_demo_my\performanceMonitor\nodeBE-mysql\logs
2020-02-21 09:54:28: AccessLog path: D:\H5\project_demo_my\performanceMonitor\nodeBE-mysql\logs
2020-02-21 09:54:27: init sequelize...
2020-02-21 09:54:27: mysql:pamonitor;host:localhost;port:3306
2020-02-21 09:54:28: server running at http://localhost:3000  test
2020-02-21 09:54:28: 工作进程 20912 已启动
2020-02-21 09:54:28: init sequelize...
2020-02-21 09:54:28: mysql:pamonitor;host:localhost;port:3306
2020-02-21 09:54:28: server running at http://localhost:3000  test
2020-02-21 09:54:28: 工作进程 21096 已启动
2020-02-21 09:54:28: Executing (default): SELECT 1+1 AS result
2020-02-21 09:54:28: Connection has been established successfully.
2020-02-21 09:54:28: Executing (default): SELECT 1+1 AS result
2020-02-21 09:54:28: Connection has been established successfully.
2020-02-21 09:54:28: AccessLog path: D:\H5\project_demo_my\performanceMonitor\nodeBE-mysql\logs
2020-02-21 09:54:28: AccessLog path: D:\H5\project_demo_my\performanceMonitor\nodeBE-mysql\logs
2020-02-21 09:54:28: AccessLog path: D:\H5\project_demo_my\performanceMonitor\nodeBE-mysql\logs
2020-02-21 09:54:28: init sequelize...
2020-02-21 09:54:28: mysql:pamonitor;host:localhost;port:3306
2020-02-21 09:54:28: server running at http://localhost:3000  test
2020-02-21 09:54:28: 工作进程 4376 已启动
2020-02-21 09:54:28: init sequelize...
2020-02-21 09:54:28: mysql:pamonitor;host:localhost;port:3306
2020-02-21 09:54:28: server running at http://localhost:3000  test
2020-02-21 09:54:28: 工作进程 17724 已启动
2020-02-21 09:54:28: Executing (default): SELECT 1+1 AS result
2020-02-21 09:54:28: Connection has been established successfully.
2020-02-21 09:54:28: Executing (default): SELECT 1+1 AS result
2020-02-21 09:54:28: Connection has been established successfully.
2020-02-21 09:54:28: init sequelize...
2020-02-21 09:54:28: mysql:pamonitor;host:localhost;port:3306
2020-02-21 09:54:28: server running at http://localhost:3000  test
2020-02-21 09:54:28: 工作进程 5884 已启动
2020-02-21 09:54:28: Executing (default): SELECT 1+1 AS result
2020-02-21 09:54:28: Connection has been established successfully.
2020-02-21 09:54:28: init sequelize...
2020-02-21 09:54:28: mysql:pamonitor;host:localhost;port:3306
2020-02-21 09:54:28: server running at http://localhost:3000  test
2020-02-21 09:54:28: 工作进程 17528 已启动
2020-02-21 09:54:28: init sequelize...
2020-02-21 09:54:28: mysql:pamonitor;host:localhost;port:3306
2020-02-21 09:54:28: server running at http://localhost:3000  test
2020-02-21 09:54:28: 工作进程 13296 已启动
2020-02-21 09:54:28: Executing (default): SELECT 1+1 AS result
2020-02-21 09:54:28: Connection has been established successfully.
2020-02-21 09:54:28: Executing (default): SELECT 1+1 AS result
2020-02-21 09:54:28: Connection has been established successfully.
2020-02-21 09:54:40: AccessLog path: D:\H5\project_demo_my\performanceMonitor\nodeBE-mysql\logs
2020-02-21 09:54:41: init sequelize...
2020-02-21 09:54:41: mysql:pamonitor;host:localhost;port:3306
2020-02-21 09:54:42: server running at http://localhost:3000  test
2020-02-21 09:54:42: 工作进程 3404 已启动
2020-02-21 09:54:42: Executing (default): SELECT 1+1 AS result
2020-02-21 09:54:42: Connection has been established successfully.
2020-02-21 09:54:52: AccessLog path: D:\H5\project_demo_my\performanceMonitor\nodeBE-mysql\logs
2020-02-21 09:54:53: init sequelize...
2020-02-21 09:54:53: mysql:pamonitor;host:localhost;port:3306
2020-02-21 09:54:53: server running at http://localhost:3000  test
2020-02-21 09:54:53: 工作进程 15984 已启动
2020-02-21 09:54:53: Executing (default): SELECT 1+1 AS result
2020-02-21 09:54:53: Connection has been established successfully.
2020-02-21 09:55:04: AccessLog path: D:\H5\project_demo_my\performanceMonitor\nodeBE-mysql\logs
2020-02-21 09:55:04: init sequelize...
2020-02-21 09:55:04: mysql:pamonitor;host:localhost;port:3306
2020-02-21 09:55:05: server running at http://localhost:3000  test
2020-02-21 09:55:05: 工作进程 7140 已启动
2020-02-21 09:55:05: Executing (default): SELECT 1+1 AS result
2020-02-21 09:55:05: Connection has been established successfully.
2020-02-21 09:55:14: AccessLog path: D:\H5\project_demo_my\performanceMonitor\nodeBE-mysql\logs
2020-02-21 09:55:14: init sequelize...
2020-02-21 09:55:14: mysql:pamonitor;host:localhost;port:3306
2020-02-21 09:55:14: server running at http://localhost:3000  test
2020-02-21 09:55:14: 工作进程 15056 已启动
2020-02-21 09:55:14: Executing (default): SELECT 1+1 AS result
2020-02-21 09:55:14: Connection has been established successfully.
2020-02-21 09:55:56: AccessLog path: D:\H5\project_demo_my\performanceMonitor\nodeBE-mysql\logs
2020-02-21 09:55:56: init sequelize...
2020-02-21 09:55:56: mysql:pamonitor;host:localhost;port:3306
2020-02-21 09:55:56: server running at http://localhost:3000  test
2020-02-21 09:55:56: 工作进程 13208 已启动
2020-02-21 09:55:56: Executing (default): SELECT 1+1 AS result
2020-02-21 09:55:56: Connection has been established successfully.
2020-02-21 09:56:07: AccessLog path: D:\H5\project_demo_my\performanceMonitor\nodeBE-mysql\logs
2020-02-21 09:56:07: init sequelize...
2020-02-21 09:56:07: mysql:pamonitor;host:localhost;port:3306
2020-02-21 09:56:08: server running at http://localhost:3000  test
2020-02-21 09:56:08: 工作进程 1120 已启动
2020-02-21 09:56:08: Executing (default): SELECT 1+1 AS result
2020-02-21 09:56:08: Connection has been established successfully.
2020-02-21 09:56:18: AccessLog path: D:\H5\project_demo_my\performanceMonitor\nodeBE-mysql\logs
2020-02-21 09:56:19: init sequelize...
2020-02-21 09:56:19: mysql:pamonitor;host:localhost;port:3306
2020-02-21 09:56:19: server running at http://localhost:3000  test
2020-02-21 09:56:19: 工作进程 1824 已启动
2020-02-21 09:56:19: Executing (default): SELECT 1+1 AS result
2020-02-21 09:56:19: Connection has been established successfully.
2020-02-21 09:56:30: AccessLog path: D:\H5\project_demo_my\performanceMonitor\nodeBE-mysql\logs
2020-02-21 09:56:30: init sequelize...
2020-02-21 09:56:30: mysql:pamonitor;host:localhost;port:3306
2020-02-21 09:56:31: server running at http://localhost:3000  test
2020-02-21 09:56:31: 工作进程 4292 已启动
2020-02-21 09:56:31: Executing (default): SELECT 1+1 AS result
2020-02-21 09:56:31: Connection has been established successfully.
2020-02-21 09:56:42: AccessLog path: D:\H5\project_demo_my\performanceMonitor\nodeBE-mysql\logs
2020-02-21 09:56:43: init sequelize...
2020-02-21 09:56:43: mysql:pamonitor;host:localhost;port:3306
2020-02-21 09:56:44: server running at http://localhost:3000  test
2020-02-21 09:56:44: 工作进程 21080 已启动
2020-02-21 09:56:44: Executing (default): SELECT 1+1 AS result
2020-02-21 09:56:44: Connection has been established successfully.
2020-02-21 09:56:54: AccessLog path: D:\H5\project_demo_my\performanceMonitor\nodeBE-mysql\logs
2020-02-21 09:56:54: init sequelize...
2020-02-21 09:56:54: mysql:pamonitor;host:localhost;port:3306
2020-02-21 09:56:55: server running at http://localhost:3000  test
2020-02-21 09:56:55: 工作进程 2192 已启动
2020-02-21 09:56:55: Executing (default): SELECT 1+1 AS result
2020-02-21 09:56:55: Connection has been established successfully.
2020-02-21 09:57:05: AccessLog path: D:\H5\project_demo_my\performanceMonitor\nodeBE-mysql\logs
2020-02-21 09:57:06: init sequelize...
2020-02-21 09:57:06: mysql:pamonitor;host:localhost;port:3306
2020-02-21 09:57:07: server running at http://localhost:3000  test
2020-02-21 09:57:07: 工作进程 21344 已启动
2020-02-21 09:57:07: Executing (default): SELECT 1+1 AS result
2020-02-21 09:57:07: Connection has been established successfully.
2020-02-21 09:57:19: AccessLog path: D:\H5\project_demo_my\performanceMonitor\nodeBE-mysql\logs
2020-02-21 09:57:19: init sequelize...
2020-02-21 09:57:19: mysql:pamonitor;host:localhost;port:3306
2020-02-21 09:57:20: server running at http://localhost:3000  test
2020-02-21 09:57:20: 工作进程 17340 已启动
2020-02-21 09:57:20: Executing (default): SELECT 1+1 AS result
2020-02-21 09:57:20: Connection has been established successfully.
2020-02-21 09:57:54: AccessLog path: D:\H5\project_demo_my\performanceMonitor\nodeBE-mysql\logs
2020-02-21 09:57:55: init sequelize...
2020-02-21 09:57:55: mysql:pamonitor;host:localhost;port:3306
2020-02-21 09:57:55: server running at http://localhost:3000  test
2020-02-21 09:57:55: 工作进程 14060 已启动
2020-02-21 09:57:55: Executing (default): SELECT 1+1 AS result
2020-02-21 09:57:55: Connection has been established successfully.
2020-02-21 09:58:06: AccessLog path: D:\H5\project_demo_my\performanceMonitor\nodeBE-mysql\logs
2020-02-21 09:58:07: init sequelize...
2020-02-21 09:58:07: mysql:pamonitor;host:localhost;port:3306
2020-02-21 09:58:07: server running at http://localhost:3000  test
2020-02-21 09:58:07: 工作进程 1304 已启动
2020-02-21 09:58:08: Executing (default): SELECT 1+1 AS result
2020-02-21 09:58:08: Connection has been established successfully.
2020-02-21 09:58:19: AccessLog path: D:\H5\project_demo_my\performanceMonitor\nodeBE-mysql\logs
2020-02-21 09:58:19: init sequelize...
2020-02-21 09:58:19: mysql:pamonitor;host:localhost;port:3306
2020-02-21 09:58:20: server running at http://localhost:3000  test
2020-02-21 09:58:20: 工作进程 4908 已启动
2020-02-21 09:58:20: Executing (default): SELECT 1+1 AS result
2020-02-21 09:58:20: Connection has been established successfully.
2020-02-21 09:58:30: AccessLog path: D:\H5\project_demo_my\performanceMonitor\nodeBE-mysql\logs
2020-02-21 09:58:31: init sequelize...
2020-02-21 09:58:31: mysql:pamonitor;host:localhost;port:3306
2020-02-21 09:58:31: server running at http://localhost:3000  test
2020-02-21 09:58:31: 工作进程 14952 已启动
2020-02-21 09:58:32: Executing (default): SELECT 1+1 AS result
2020-02-21 09:58:32: Connection has been established successfully.
2020-02-21 09:58:42: AccessLog path: D:\H5\project_demo_my\performanceMonitor\nodeBE-mysql\logs
2020-02-21 09:58:43: init sequelize...
2020-02-21 09:58:43: mysql:pamonitor;host:localhost;port:3306
2020-02-21 09:58:43: server running at http://localhost:3000  test
2020-02-21 09:58:43: 工作进程 21052 已启动
2020-02-21 09:58:43: Executing (default): SELECT 1+1 AS result
2020-02-21 09:58:43: Connection has been established successfully.
2020-02-21 09:58:54: AccessLog path: D:\H5\project_demo_my\performanceMonitor\nodeBE-mysql\logs
2020-02-21 09:58:54: init sequelize...
2020-02-21 09:58:54: mysql:pamonitor;host:localhost;port:3306
2020-02-21 09:58:55: server running at http://localhost:3000  test
2020-02-21 09:58:55: 工作进程 4648 已启动
2020-02-21 09:58:55: Executing (default): SELECT 1+1 AS result
2020-02-21 09:58:55: Connection has been established successfully.
2020-02-21 09:59:06: AccessLog path: D:\H5\project_demo_my\performanceMonitor\nodeBE-mysql\logs
2020-02-21 09:59:06: init sequelize...
2020-02-21 09:59:06: mysql:pamonitor;host:localhost;port:3306
2020-02-21 09:59:07: server running at http://localhost:3000  test
2020-02-21 09:59:07: 工作进程 13796 已启动
2020-02-21 09:59:07: Executing (default): SELECT 1+1 AS result
2020-02-21 09:59:07: Connection has been established successfully.
2020-02-21 09:59:17: AccessLog path: D:\H5\project_demo_my\performanceMonitor\nodeBE-mysql\logs
2020-02-21 09:59:18: init sequelize...
2020-02-21 09:59:18: mysql:pamonitor;host:localhost;port:3306
2020-02-21 09:59:18: server running at http://localhost:3000  test
2020-02-21 09:59:18: 工作进程 2828 已启动
2020-02-21 09:59:18: Executing (default): SELECT 1+1 AS result
2020-02-21 09:59:18: Connection has been established successfully.
2020-02-21 09:59:55: AccessLog path: D:\H5\project_demo_my\performanceMonitor\nodeBE-mysql\logs
2020-02-21 09:59:56: init sequelize...
2020-02-21 09:59:56: mysql:pamonitor;host:localhost;port:3306
2020-02-21 09:59:56: server running at http://localhost:3000  test
2020-02-21 09:59:56: 工作进程 21100 已启动
2020-02-21 09:59:56: Executing (default): SELECT 1+1 AS result
2020-02-21 09:59:56: Connection has been established successfully.
2020-02-21 10:00:07: AccessLog path: D:\H5\project_demo_my\performanceMonitor\nodeBE-mysql\logs
2020-02-21 10:00:08: init sequelize...
2020-02-21 10:00:08: mysql:pamonitor;host:localhost;port:3306
2020-02-21 10:00:09: server running at http://localhost:3000  test
2020-02-21 10:00:09: 工作进程 7188 已启动
2020-02-21 10:00:09: Executing (default): SELECT 1+1 AS result
2020-02-21 10:00:09: Connection has been established successfully.
2020-02-21 10:00:18: AccessLog path: D:\H5\project_demo_my\performanceMonitor\nodeBE-mysql\logs
2020-02-21 10:00:19: init sequelize...
2020-02-21 10:00:19: mysql:pamonitor;host:localhost;port:3306
2020-02-21 10:00:19: server running at http://localhost:3000  test
2020-02-21 10:00:19: 工作进程 7256 已启动
2020-02-21 10:00:19: Executing (default): SELECT 1+1 AS result
2020-02-21 10:00:19: Connection has been established successfully.
2020-02-21 10:00:29: AccessLog path: D:\H5\project_demo_my\performanceMonitor\nodeBE-mysql\logs
2020-02-21 10:00:29: init sequelize...
2020-02-21 10:00:29: mysql:pamonitor;host:localhost;port:3306
2020-02-21 10:00:29: server running at http://localhost:3000  test
2020-02-21 10:00:29: 工作进程 12904 已启动
2020-02-21 10:00:29: Executing (default): SELECT 1+1 AS result
2020-02-21 10:00:29: Connection has been established successfully.
2020-02-21 10:00:40: AccessLog path: D:\H5\project_demo_my\performanceMonitor\nodeBE-mysql\logs
2020-02-21 10:00:41: init sequelize...
2020-02-21 10:00:41: mysql:pamonitor;host:localhost;port:3306
2020-02-21 10:00:42: server running at http://localhost:3000  test
2020-02-21 10:00:42: 工作进程 14628 已启动
2020-02-21 10:00:42: Executing (default): SELECT 1+1 AS result
2020-02-21 10:00:42: Connection has been established successfully.
2020-02-21 10:00:53: AccessLog path: D:\H5\project_demo_my\performanceMonitor\nodeBE-mysql\logs
2020-02-21 10:00:53: init sequelize...
2020-02-21 10:00:53: mysql:pamonitor;host:localhost;port:3306
2020-02-21 10:00:53: server running at http://localhost:3000  test
2020-02-21 10:00:53: 工作进程 11908 已启动
2020-02-21 10:00:53: Executing (default): SELECT 1+1 AS result
2020-02-21 10:00:53: Connection has been established successfully.
2020-02-21 10:01:04: AccessLog path: D:\H5\project_demo_my\performanceMonitor\nodeBE-mysql\logs
2020-02-21 10:01:04: init sequelize...
2020-02-21 10:01:04: mysql:pamonitor;host:localhost;port:3306
2020-02-21 10:01:05: server running at http://localhost:3000  test
2020-02-21 10:01:05: 工作进程 3312 已启动
2020-02-21 10:01:05: Executing (default): SELECT 1+1 AS result
2020-02-21 10:01:05: Connection has been established successfully.
2020-02-21 10:01:14: AccessLog path: D:\H5\project_demo_my\performanceMonitor\nodeBE-mysql\logs
2020-02-21 10:01:14: init sequelize...
2020-02-21 10:01:14: mysql:pamonitor;host:localhost;port:3306
2020-02-21 10:01:15: server running at http://localhost:3000  test
2020-02-21 10:01:15: 工作进程 12028 已启动
2020-02-21 10:01:15: Executing (default): SELECT 1+1 AS result
2020-02-21 10:01:15: Connection has been established successfully.
2020-02-21 10:01:55: AccessLog path: D:\H5\project_demo_my\performanceMonitor\nodeBE-mysql\logs
2020-02-21 10:01:55: init sequelize...
2020-02-21 10:01:55: mysql:pamonitor;host:localhost;port:3306
2020-02-21 10:01:55: server running at http://localhost:3000  test
2020-02-21 10:01:55: 工作进程 15288 已启动
2020-02-21 10:01:55: Executing (default): SELECT 1+1 AS result
2020-02-21 10:01:55: Connection has been established successfully.
2020-02-21 10:02:07: AccessLog path: D:\H5\project_demo_my\performanceMonitor\nodeBE-mysql\logs
2020-02-21 10:02:07: init sequelize...
2020-02-21 10:02:07: mysql:pamonitor;host:localhost;port:3306
2020-02-21 10:02:08: server running at http://localhost:3000  test
2020-02-21 10:02:08: 工作进程 20276 已启动
2020-02-21 10:02:08: Executing (default): SELECT 1+1 AS result
2020-02-21 10:02:08: Connection has been established successfully.
2020-02-21 10:02:18: AccessLog path: D:\H5\project_demo_my\performanceMonitor\nodeBE-mysql\logs
2020-02-21 10:02:19: init sequelize...
2020-02-21 10:02:19: mysql:pamonitor;host:localhost;port:3306
2020-02-21 10:02:19: server running at http://localhost:3000  test
2020-02-21 10:02:19: 工作进程 15072 已启动
2020-02-21 10:02:19: Executing (default): SELECT 1+1 AS result
2020-02-21 10:02:19: Connection has been established successfully.
2020-02-21 10:02:29: AccessLog path: D:\H5\project_demo_my\performanceMonitor\nodeBE-mysql\logs
2020-02-21 10:02:29: AccessLog path: D:\H5\project_demo_my\performanceMonitor\nodeBE-mysql\logs
2020-02-21 10:02:29: AccessLog path: D:\H5\project_demo_my\performanceMonitor\nodeBE-mysql\logs
2020-02-21 10:02:29: AccessLog path: D:\H5\project_demo_my\performanceMonitor\nodeBE-mysql\logs
2020-02-21 10:02:29: AccessLog path: D:\H5\project_demo_my\performanceMonitor\nodeBE-mysql\logs
2020-02-21 10:02:29: init sequelize...
2020-02-21 10:02:29: mysql:pamonitor;host:localhost;port:3306
2020-02-21 10:02:29: server running at http://localhost:3000  test
2020-02-21 10:02:29: 工作进程 16104 已启动
2020-02-21 10:02:29: Executing (default): SELECT 1+1 AS result
2020-02-21 10:02:29: Connection has been established successfully.
2020-02-21 10:02:29: init sequelize...
2020-02-21 10:02:29: mysql:pamonitor;host:localhost;port:3306
2020-02-21 10:02:29: server running at http://localhost:3000  test
2020-02-21 10:02:29: 工作进程 14136 已启动
2020-02-21 10:02:29: Executing (default): SELECT 1+1 AS result
2020-02-21 10:02:29: Connection has been established successfully.
2020-02-21 10:02:29: init sequelize...
2020-02-21 10:02:29: mysql:pamonitor;host:localhost;port:3306
2020-02-21 10:02:29: server running at http://localhost:3000  test
2020-02-21 10:02:29: 工作进程 12996 已启动
2020-02-21 10:02:29: Executing (default): SELECT 1+1 AS result
2020-02-21 10:02:29: Connection has been established successfully.
2020-02-21 10:02:29: init sequelize...
2020-02-21 10:02:29: mysql:pamonitor;host:localhost;port:3306
2020-02-21 10:02:29: server running at http://localhost:3000  test
2020-02-21 10:02:29: 工作进程 21440 已启动
2020-02-21 10:02:29: Executing (default): SELECT 1+1 AS result
2020-02-21 10:02:29: Connection has been established successfully.
2020-02-21 10:02:29: init sequelize...
2020-02-21 10:02:29: mysql:pamonitor;host:localhost;port:3306
2020-02-21 10:02:30: server running at http://localhost:3000  test
2020-02-21 10:02:30: 工作进程 21052 已启动
2020-02-21 10:02:30: Executing (default): SELECT 1+1 AS result
2020-02-21 10:02:30: Connection has been established successfully.
2020-02-21 10:02:53: AccessLog path: D:\H5\project_demo_my\performanceMonitor\nodeBE-mysql\logs
2020-02-21 10:02:54: init sequelize...
2020-02-21 10:02:54: mysql:pamonitor;host:localhost;port:3306
2020-02-21 10:02:54: server running at http://localhost:3000  test
2020-02-21 10:02:54: 工作进程 4292 已启动
2020-02-21 10:02:54: Executing (default): SELECT 1+1 AS result
2020-02-21 10:02:54: Connection has been established successfully.
2020-02-21 10:03:05: AccessLog path: D:\H5\project_demo_my\performanceMonitor\nodeBE-mysql\logs
2020-02-21 10:03:05: init sequelize...
2020-02-21 10:03:05: mysql:pamonitor;host:localhost;port:3306
2020-02-21 10:03:05: server running at http://localhost:3000  test
2020-02-21 10:03:05: 工作进程 17292 已启动
2020-02-21 10:03:05: Executing (default): SELECT 1+1 AS result
2020-02-21 10:03:05: Connection has been established successfully.
2020-02-21 10:03:15: AccessLog path: D:\H5\project_demo_my\performanceMonitor\nodeBE-mysql\logs
2020-02-21 10:03:15: init sequelize...
2020-02-21 10:03:15: mysql:pamonitor;host:localhost;port:3306
2020-02-21 10:03:16: server running at http://localhost:3000  test
2020-02-21 10:03:16: 工作进程 3052 已启动
2020-02-21 10:03:16: Executing (default): SELECT 1+1 AS result
2020-02-21 10:03:16: Connection has been established successfully.
2020-02-21 10:03:26: AccessLog path: D:\H5\project_demo_my\performanceMonitor\nodeBE-mysql\logs
2020-02-21 10:03:26: init sequelize...
2020-02-21 10:03:26: mysql:pamonitor;host:localhost;port:3306
2020-02-21 10:03:27: server running at http://localhost:3000  test
2020-02-21 10:03:27: 工作进程 15724 已启动
2020-02-21 10:03:27: Executing (default): SELECT 1+1 AS result
2020-02-21 10:03:27: Connection has been established successfully.
2020-02-21 10:03:37: AccessLog path: D:\H5\project_demo_my\performanceMonitor\nodeBE-mysql\logs
2020-02-21 10:03:37: init sequelize...
2020-02-21 10:03:37: mysql:pamonitor;host:localhost;port:3306
2020-02-21 10:03:37: server running at http://localhost:3000  test
2020-02-21 10:03:37: 工作进程 4844 已启动
2020-02-21 10:03:37: Executing (default): SELECT 1+1 AS result
2020-02-21 10:03:37: Connection has been established successfully.
2020-02-21 10:03:54: AccessLog path: D:\H5\project_demo_my\performanceMonitor\nodeBE-mysql\logs
2020-02-21 10:03:54: init sequelize...
2020-02-21 10:03:54: mysql:pamonitor;host:localhost;port:3306
2020-02-21 10:03:55: server running at http://localhost:3000  test
2020-02-21 10:03:55: 工作进程 12152 已启动
2020-02-21 10:03:55: Executing (default): SELECT 1+1 AS result
2020-02-21 10:03:55: Connection has been established successfully.
